2022-05-15 00:05:19 INFO  ManageDriver :32 - Launching Chrome Browser
2022-05-15 00:05:105 INFO  ManageDriver :32 - Launching Chrome Browser
2022-05-15 00:05:618 INFO  ManageDriver :32 - Launching Chrome Browser
2022-05-15 00:05:690 INFO  ManageDriver :32 - Launching Chrome Browser
2022-05-15 00:05:554 INFO  ManageDriver :32 - Launching Chrome Browser
2022-05-15 00:05:149 INFO  ManageDriver :32 - Launching Chrome Browser
2022-05-15 00:05:634 INFO  ManageDriver :32 - Launching Chrome Browser
2022-05-15 00:05:181 INFO  ManageDriver :32 - Launching Chrome Browser
2022-05-15 00:05:43 INFO  ManageDriver :32 - Launching Chrome Browser
2022-05-15 00:05:615 INFO  ManageDriver :32 - Launching Chrome Browser
2022-05-15 00:05:442 INFO  HomePage :112 - Clicking on Register Link : [[ChromeDriver: chrome on WINDOWS (5f61c3590f4352f906ba3aa254604962)] -> xpath: //a[contains(text(),'Register')]]
2022-05-15 00:05:491 INFO  HomePage :151 - Getting Registration confirm : Proxy element for: DefaultElementLocator 'By.xpath: //div[contains(text(),'Your registration completed')]'
2022-05-15 00:05:302 INFO  ManageDriver :32 - Launching Chrome Browser
2022-05-15 00:05:886 INFO  HomePage :112 - Clicking on Register Link : [[ChromeDriver: chrome on WINDOWS (dc4f6a88a256776890d96ceaaf48f945)] -> xpath: //a[contains(text(),'Register')]]
2022-05-15 00:05:950 INFO  HomePage :147 - Clicking on Register : [[ChromeDriver: chrome on WINDOWS (dc4f6a88a256776890d96ceaaf48f945)] -> xpath: //button[@id='register-button']]
2022-05-15 00:05:969 INFO  HomePage :161 - Getting FirstName Error : [[ChromeDriver: chrome on WINDOWS (dc4f6a88a256776890d96ceaaf48f945)] -> xpath: //span[@id='FirstName-error']]
2022-05-15 00:05:746 INFO  ManageDriver :32 - Launching Chrome Browser
2022-05-15 00:05:413 INFO  HomePage :112 - Clicking on Register Link : [[ChromeDriver: chrome on WINDOWS (7d7ac8876d6b04ad452e185c7f863a71)] -> xpath: //a[contains(text(),'Register')]]
2022-05-15 00:05:467 INFO  HomePage :109 - Clicking on Female Gender Radio  : [[ChromeDriver: chrome on WINDOWS (7d7ac8876d6b04ad452e185c7f863a71)] -> xpath: //input[@id='gender-female']]
2022-05-15 00:05:549 INFO  HomePage :114 - Sending FirstName  : Baba to [[ChromeDriver: chrome on WINDOWS (7d7ac8876d6b04ad452e185c7f863a71)] -> xpath: //input[@id='FirstName']]
2022-05-15 00:05:626 INFO  HomePage :119 - Sending text to FirstName : Ramdev to [[ChromeDriver: chrome on WINDOWS (7d7ac8876d6b04ad452e185c7f863a71)] -> xpath: //input[@id='LastName']]
2022-05-15 00:05:832 INFO  HomePage :126 - Selecting BirthDate : 20/June/1975 to [[ChromeDriver: chrome on WINDOWS (7d7ac8876d6b04ad452e185c7f863a71)] -> xpath: //div[@class='date-picker-wrapper']/select[1]] [[ChromeDriver: chrome on WINDOWS (7d7ac8876d6b04ad452e185c7f863a71)] -> xpath: //div[@class='date-picker-wrapper']/select[2]] [[ChromeDriver: chrome on WINDOWS (7d7ac8876d6b04ad452e185c7f863a71)] -> xpath: //div[@class='date-picker-wrapper']/select[3]]
2022-05-15 00:05:906 INFO  HomePage :137 - Sending Password Password123 to [[ChromeDriver: chrome on WINDOWS (7d7ac8876d6b04ad452e185c7f863a71)] -> xpath: //input[@id='Password']]
2022-05-15 00:05:977 INFO  HomePage :142 - Sending Confirm Password Password123 to [[ChromeDriver: chrome on WINDOWS (7d7ac8876d6b04ad452e185c7f863a71)] -> xpath: //input[@id='ConfirmPassword']]
2022-05-15 00:05:35 INFO  HomePage :147 - Clicking on Register : [[ChromeDriver: chrome on WINDOWS (7d7ac8876d6b04ad452e185c7f863a71)] -> xpath: //button[@id='register-button']]
2022-05-15 00:05:49 INFO  HomePage :151 - Getting Registration confirm : Proxy element for: DefaultElementLocator 'By.xpath: //div[contains(text(),'Your registration completed')]'
2022-05-15 00:05:731 INFO  ManageDriver :32 - Launching Chrome Browser
2022-05-15 00:05:602 INFO  HomePage :112 - Clicking on Register Link : [[ChromeDriver: chrome on WINDOWS (5531399fcae2fc8f22fa81c902a10d84)] -> xpath: //a[contains(text(),'Register')]]
2022-05-15 00:05:628 INFO  HomePage :151 - Getting Registration confirm : Proxy element for: DefaultElementLocator 'By.xpath: //div[contains(text(),'Your registration completed')]'
2022-05-15 00:05:505 INFO  ManageDriver :32 - Launching Chrome Browser
2022-05-15 00:05:553 INFO  HomePage :112 - Clicking on Register Link : [[ChromeDriver: chrome on WINDOWS (8b0b3c966d66582c438173470453ca87)] -> xpath: //a[contains(text(),'Register')]]
2022-05-15 00:05:614 INFO  HomePage :147 - Clicking on Register : [[ChromeDriver: chrome on WINDOWS (8b0b3c966d66582c438173470453ca87)] -> xpath: //button[@id='register-button']]
2022-05-15 00:05:634 INFO  HomePage :161 - Getting FirstName Error : [[ChromeDriver: chrome on WINDOWS (8b0b3c966d66582c438173470453ca87)] -> xpath: //span[@id='FirstName-error']]
2022-05-15 00:05:428 INFO  ManageDriver :32 - Launching Chrome Browser
2022-05-15 00:05:598 INFO  HomePage :112 - Clicking on Register Link : [[ChromeDriver: chrome on WINDOWS (0764f5e850b554d139a2b84cb7cad103)] -> xpath: //a[contains(text(),'Register')]]
2022-05-15 00:05:651 INFO  HomePage :109 - Clicking on Female Gender Radio  : [[ChromeDriver: chrome on WINDOWS (0764f5e850b554d139a2b84cb7cad103)] -> xpath: //input[@id='gender-female']]
2022-05-15 00:05:726 INFO  HomePage :114 - Sending FirstName  : Baba to [[ChromeDriver: chrome on WINDOWS (0764f5e850b554d139a2b84cb7cad103)] -> xpath: //input[@id='FirstName']]
2022-05-15 00:05:801 INFO  HomePage :119 - Sending text to FirstName : Ramdev to [[ChromeDriver: chrome on WINDOWS (0764f5e850b554d139a2b84cb7cad103)] -> xpath: //input[@id='LastName']]
2022-05-15 00:05:935 INFO  HomePage :132 - Sending email babaramdev to [[ChromeDriver: chrome on WINDOWS (0764f5e850b554d139a2b84cb7cad103)] -> xpath: //input[@id='Email']]
2022-05-15 00:05:131 INFO  HomePage :126 - Selecting BirthDate : 20/June/1975 to [[ChromeDriver: chrome on WINDOWS (0764f5e850b554d139a2b84cb7cad103)] -> xpath: //div[@class='date-picker-wrapper']/select[1]] [[ChromeDriver: chrome on WINDOWS (0764f5e850b554d139a2b84cb7cad103)] -> xpath: //div[@class='date-picker-wrapper']/select[2]] [[ChromeDriver: chrome on WINDOWS (0764f5e850b554d139a2b84cb7cad103)] -> xpath: //div[@class='date-picker-wrapper']/select[3]]
2022-05-15 00:05:195 INFO  HomePage :137 - Sending Password Password123 to [[ChromeDriver: chrome on WINDOWS (0764f5e850b554d139a2b84cb7cad103)] -> xpath: //input[@id='Password']]
2022-05-15 00:05:267 INFO  HomePage :142 - Sending Confirm Password Password123 to [[ChromeDriver: chrome on WINDOWS (0764f5e850b554d139a2b84cb7cad103)] -> xpath: //input[@id='ConfirmPassword']]
2022-05-15 00:05:404 INFO  HomePage :147 - Clicking on Register : [[ChromeDriver: chrome on WINDOWS (0764f5e850b554d139a2b84cb7cad103)] -> xpath: //button[@id='register-button']]
2022-05-15 00:05:421 INFO  HomePage :151 - Getting Registration confirm : [[ChromeDriver: chrome on WINDOWS (0764f5e850b554d139a2b84cb7cad103)] -> xpath: //div[contains(text(),'Your registration completed')]]
2022-05-15 00:05:838 INFO  ManageDriver :32 - Launching Chrome Browser
2022-05-15 00:05:657 INFO  HomePage :112 - Clicking on Register Link : [[ChromeDriver: chrome on WINDOWS (32b7ad78b2073230d612ee788edf6e19)] -> xpath: //a[contains(text(),'Register')]]
2022-05-15 00:05:675 INFO  HomePage :98 - Getting Page Header : [[ChromeDriver: chrome on WINDOWS (32b7ad78b2073230d612ee788edf6e19)] -> xpath: //h1[contains(text(),'Register')]]
2022-05-15 00:05:366 INFO  ManageDriver :32 - Launching Chrome Browser
2022-05-15 00:05:259 INFO  HomePage :112 - Clicking on Register Link : [[ChromeDriver: chrome on WINDOWS (bb5a93ccb0933a19b73a2a1558f4d0b0)] -> xpath: //a[contains(text(),'Register')]]
2022-05-15 00:05:326 INFO  HomePage :147 - Clicking on Register : [[ChromeDriver: chrome on WINDOWS (bb5a93ccb0933a19b73a2a1558f4d0b0)] -> xpath: //button[@id='register-button']]
2022-05-15 00:05:343 INFO  HomePage :161 - Getting FirstName Error : [[ChromeDriver: chrome on WINDOWS (bb5a93ccb0933a19b73a2a1558f4d0b0)] -> xpath: //span[@id='FirstName-error']]
2022-05-15 00:05:371 INFO  HomePage :166 - Getting LastName Error : [[ChromeDriver: chrome on WINDOWS (bb5a93ccb0933a19b73a2a1558f4d0b0)] -> xpath: //span[@id='LastName-error']]
2022-05-15 00:05:397 INFO  HomePage :171 - Getting Email Error : [[ChromeDriver: chrome on WINDOWS (bb5a93ccb0933a19b73a2a1558f4d0b0)] -> xpath: //span[@id='Email-error']]
2022-05-15 00:05:421 INFO  HomePage :176 - Getting Password Error : [[ChromeDriver: chrome on WINDOWS (bb5a93ccb0933a19b73a2a1558f4d0b0)] -> xpath: //span[@id='Password-error']]
2022-05-15 00:05:448 INFO  HomePage :181 - Getting Repeat Password Error : [[ChromeDriver: chrome on WINDOWS (bb5a93ccb0933a19b73a2a1558f4d0b0)] -> xpath: //span[@id='ConfirmPassword-error']]
2022-05-15 00:05:116 INFO  ManageDriver :32 - Launching Chrome Browser
2022-05-15 00:05:568 INFO  HomePage :112 - Clicking on Register Link : [[ChromeDriver: chrome on WINDOWS (74008abfa2c5b22f12ad8540f0142ad9)] -> xpath: //a[contains(text(),'Register')]]
2022-05-15 00:05:617 INFO  HomePage :109 - Clicking on Female Gender Radio  : [[ChromeDriver: chrome on WINDOWS (74008abfa2c5b22f12ad8540f0142ad9)] -> xpath: //input[@id='gender-female']]
2022-05-15 00:05:687 INFO  HomePage :114 - Sending FirstName  : Baba to [[ChromeDriver: chrome on WINDOWS (74008abfa2c5b22f12ad8540f0142ad9)] -> xpath: //input[@id='FirstName']]
2022-05-15 00:05:758 INFO  HomePage :119 - Sending text to FirstName : Ramdev to [[ChromeDriver: chrome on WINDOWS (74008abfa2c5b22f12ad8540f0142ad9)] -> xpath: //input[@id='LastName']]
2022-05-15 00:05:872 INFO  HomePage :132 - Sending email babaramdev to [[ChromeDriver: chrome on WINDOWS (74008abfa2c5b22f12ad8540f0142ad9)] -> xpath: //input[@id='Email']]
2022-05-15 00:05:56 INFO  HomePage :126 - Selecting BirthDate : 20/June/1975 to [[ChromeDriver: chrome on WINDOWS (74008abfa2c5b22f12ad8540f0142ad9)] -> xpath: //div[@class='date-picker-wrapper']/select[1]] [[ChromeDriver: chrome on WINDOWS (74008abfa2c5b22f12ad8540f0142ad9)] -> xpath: //div[@class='date-picker-wrapper']/select[2]] [[ChromeDriver: chrome on WINDOWS (74008abfa2c5b22f12ad8540f0142ad9)] -> xpath: //div[@class='date-picker-wrapper']/select[3]]
2022-05-15 00:05:119 INFO  HomePage :137 - Sending Password Password123 to [[ChromeDriver: chrome on WINDOWS (74008abfa2c5b22f12ad8540f0142ad9)] -> xpath: //input[@id='Password']]
2022-05-15 00:05:192 INFO  HomePage :142 - Sending Confirm Password Password123 to [[ChromeDriver: chrome on WINDOWS (74008abfa2c5b22f12ad8540f0142ad9)] -> xpath: //input[@id='ConfirmPassword']]
2022-05-15 00:05:89 INFO  HomePage :147 - Clicking on Register : [[ChromeDriver: chrome on WINDOWS (74008abfa2c5b22f12ad8540f0142ad9)] -> xpath: //button[@id='register-button']]
2022-05-15 00:05:103 INFO  HomePage :151 - Getting Registration confirm : [[ChromeDriver: chrome on WINDOWS (74008abfa2c5b22f12ad8540f0142ad9)] -> xpath: //div[contains(text(),'Your registration completed')]]
2022-05-15 00:05:484 INFO  ManageDriver :32 - Launching Chrome Browser
2022-05-15 00:05:708 INFO  HomePage :112 - Clicking on Register Link : [[ChromeDriver: chrome on WINDOWS (6a3e3e6499d89d51e2c1458d8c23dd55)] -> xpath: //a[contains(text(),'Register')]]
2022-05-15 00:05:729 INFO  HomePage :98 - Getting Page Header : [[ChromeDriver: chrome on WINDOWS (6a3e3e6499d89d51e2c1458d8c23dd55)] -> xpath: //h1[contains(text(),'Register')]]
2022-05-15 00:05:404 INFO  ManageDriver :32 - Launching Chrome Browser
2022-05-15 00:05:851 INFO  HomePage :112 - Clicking on Register Link : [[ChromeDriver: chrome on WINDOWS (1a04817acd01d13e05407c5958d17b18)] -> xpath: //a[contains(text(),'Register')]]
2022-05-15 00:05:921 INFO  HomePage :147 - Clicking on Register : [[ChromeDriver: chrome on WINDOWS (1a04817acd01d13e05407c5958d17b18)] -> xpath: //button[@id='register-button']]
2022-05-15 00:05:939 INFO  HomePage :161 - Getting FirstName Error : [[ChromeDriver: chrome on WINDOWS (1a04817acd01d13e05407c5958d17b18)] -> xpath: //span[@id='FirstName-error']]
2022-05-15 00:05:972 INFO  HomePage :166 - Getting LastName Error : [[ChromeDriver: chrome on WINDOWS (1a04817acd01d13e05407c5958d17b18)] -> xpath: //span[@id='LastName-error']]
2022-05-15 00:05:998 INFO  HomePage :171 - Getting Email Error : [[ChromeDriver: chrome on WINDOWS (1a04817acd01d13e05407c5958d17b18)] -> xpath: //span[@id='Email-error']]
2022-05-15 00:05:23 INFO  HomePage :176 - Getting Password Error : [[ChromeDriver: chrome on WINDOWS (1a04817acd01d13e05407c5958d17b18)] -> xpath: //span[@id='Password-error']]
2022-05-15 00:05:46 INFO  HomePage :181 - Getting Repeat Password Error : [[ChromeDriver: chrome on WINDOWS (1a04817acd01d13e05407c5958d17b18)] -> xpath: //span[@id='ConfirmPassword-error']]
2022-05-15 00:05:719 INFO  ManageDriver :32 - Launching Chrome Browser
2022-05-15 00:05:975 INFO  HomePage :112 - Clicking on Register Link : [[ChromeDriver: chrome on WINDOWS (be06247b05fb868fa5b6668593e66dc3)] -> xpath: //a[contains(text(),'Register')]]
2022-05-15 00:05:34 INFO  HomePage :109 - Clicking on Female Gender Radio  : [[ChromeDriver: chrome on WINDOWS (be06247b05fb868fa5b6668593e66dc3)] -> xpath: //input[@id='gender-female']]
2022-05-15 00:05:112 INFO  HomePage :114 - Sending FirstName  : Baba to [[ChromeDriver: chrome on WINDOWS (be06247b05fb868fa5b6668593e66dc3)] -> xpath: //input[@id='FirstName']]
2022-05-15 00:05:189 INFO  HomePage :119 - Sending text to FirstName : Ramdev to [[ChromeDriver: chrome on WINDOWS (be06247b05fb868fa5b6668593e66dc3)] -> xpath: //input[@id='LastName']]
2022-05-15 00:05:305 INFO  HomePage :132 - Sending email babaramdev to [[ChromeDriver: chrome on WINDOWS (be06247b05fb868fa5b6668593e66dc3)] -> xpath: //input[@id='Email']]
2022-05-15 00:05:500 INFO  HomePage :126 - Selecting BirthDate : 20/June/1975 to [[ChromeDriver: chrome on WINDOWS (be06247b05fb868fa5b6668593e66dc3)] -> xpath: //div[@class='date-picker-wrapper']/select[1]] [[ChromeDriver: chrome on WINDOWS (be06247b05fb868fa5b6668593e66dc3)] -> xpath: //div[@class='date-picker-wrapper']/select[2]] [[ChromeDriver: chrome on WINDOWS (be06247b05fb868fa5b6668593e66dc3)] -> xpath: //div[@class='date-picker-wrapper']/select[3]]
2022-05-15 00:05:572 INFO  HomePage :137 - Sending Password Password123 to [[ChromeDriver: chrome on WINDOWS (be06247b05fb868fa5b6668593e66dc3)] -> xpath: //input[@id='Password']]
2022-05-15 00:05:650 INFO  HomePage :142 - Sending Confirm Password Password123 to [[ChromeDriver: chrome on WINDOWS (be06247b05fb868fa5b6668593e66dc3)] -> xpath: //input[@id='ConfirmPassword']]
2022-05-15 00:05:730 INFO  HomePage :147 - Clicking on Register : [[ChromeDriver: chrome on WINDOWS (be06247b05fb868fa5b6668593e66dc3)] -> xpath: //button[@id='register-button']]
2022-05-15 00:05:746 INFO  HomePage :151 - Getting Registration confirm : [[ChromeDriver: chrome on WINDOWS (be06247b05fb868fa5b6668593e66dc3)] -> xpath: //div[contains(text(),'Your registration completed')]]
2022-05-15 01:05:596 INFO  ManageDriver :32 - Launching Chrome Browser
2022-05-15 01:05:845 INFO  HomePage :107 - Clicking on login Link : [[ChromeDriver: chrome on WINDOWS (efc1595be0b11af82b781960b77ccddd)] -> xpath: //a[contains(text(),'Log in')]]
2022-05-15 01:05:869 INFO  HomePage :70 - Getting page header : [[ChromeDriver: chrome on WINDOWS (efc1595be0b11af82b781960b77ccddd)] -> xpath: //h1[contains(text(),'Welcome, Please Sign In!')]]
2022-05-15 01:05:518 INFO  ManageDriver :32 - Launching Chrome Browser
2022-05-15 01:05:926 INFO  HomePage :107 - Clicking on login Link : [[ChromeDriver: chrome on WINDOWS (143f45455932fba18f5d3ccf25941255)] -> xpath: //a[contains(text(),'Log in')]]
2022-05-15 01:05:12 INFO  HomePage :51 - Sending text to email : [[ChromeDriver: chrome on WINDOWS (143f45455932fba18f5d3ccf25941255)] -> xpath: //input[@id='Email']]
2022-05-15 01:05:76 INFO  HomePage :56 - Sending text to password : [[ChromeDriver: chrome on WINDOWS (143f45455932fba18f5d3ccf25941255)] -> xpath: //input[@id='Password']]
2022-05-15 01:05:507 INFO  HomePage :61 - clicking on login button : [[ChromeDriver: chrome on WINDOWS (143f45455932fba18f5d3ccf25941255)] -> xpath: //button[contains(text(),'Log in')]]
2022-05-15 01:05:523 INFO  HomePage :75 - Getting Error Message : [[ChromeDriver: chrome on WINDOWS (143f45455932fba18f5d3ccf25941255)] -> xpath: //div[@class='message-error validation-summary-errors']]
2022-05-15 01:05:324 INFO  ManageDriver :32 - Launching Chrome Browser
2022-05-15 01:05:743 INFO  HomePage :107 - Clicking on login Link : [[ChromeDriver: chrome on WINDOWS (fbfdf760bbcb0cec399a0f1bb7709c90)] -> xpath: //a[contains(text(),'Log in')]]
2022-05-15 01:05:821 INFO  HomePage :51 - Sending text to email : [[ChromeDriver: chrome on WINDOWS (fbfdf760bbcb0cec399a0f1bb7709c90)] -> xpath: //input[@id='Email']]
2022-05-15 01:05:889 INFO  HomePage :56 - Sending text to password : [[ChromeDriver: chrome on WINDOWS (fbfdf760bbcb0cec399a0f1bb7709c90)] -> xpath: //input[@id='Password']]
2022-05-15 01:05:279 INFO  HomePage :61 - clicking on login button : [[ChromeDriver: chrome on WINDOWS (fbfdf760bbcb0cec399a0f1bb7709c90)] -> xpath: //button[contains(text(),'Log in')]]
2022-05-15 01:05:299 INFO  HomePage :80 - Getting LogOut Button Text : Proxy element for: DefaultElementLocator 'By.xpath: //a[contains(text(),'Log out')]'
2022-05-15 01:05:172 INFO  ManageDriver :32 - Launching Chrome Browser
2022-05-15 01:05:797 INFO  HomePage :107 - Clicking on login Link : [[ChromeDriver: chrome on WINDOWS (92efc3de0e7176b2c691ee7874c16048)] -> xpath: //a[contains(text(),'Log in')]]
2022-05-15 01:05:884 INFO  HomePage :51 - Sending text to email : [[ChromeDriver: chrome on WINDOWS (92efc3de0e7176b2c691ee7874c16048)] -> xpath: //input[@id='Email']]
2022-05-15 01:05:955 INFO  HomePage :56 - Sending text to password : [[ChromeDriver: chrome on WINDOWS (92efc3de0e7176b2c691ee7874c16048)] -> xpath: //input[@id='Password']]
2022-05-15 01:05:319 INFO  HomePage :61 - clicking on login button : [[ChromeDriver: chrome on WINDOWS (92efc3de0e7176b2c691ee7874c16048)] -> xpath: //button[contains(text(),'Log in')]]
2022-05-15 01:05:935 INFO  ManageDriver :32 - Launching Chrome Browser
2022-05-15 01:05:222 INFO  HomePage :107 - Clicking on login Link : [[ChromeDriver: chrome on WINDOWS (973edecf8b2614de34e370a6597c8869)] -> xpath: //a[contains(text(),'Log in')]]
2022-05-15 01:05:248 INFO  HomePage :70 - Getting page header : [[ChromeDriver: chrome on WINDOWS (973edecf8b2614de34e370a6597c8869)] -> xpath: //h1[contains(text(),'Welcome, Please Sign In!')]]
2022-05-15 01:05:951 INFO  ManageDriver :32 - Launching Chrome Browser
2022-05-15 01:05:533 INFO  HomePage :107 - Clicking on login Link : [[ChromeDriver: chrome on WINDOWS (d2c7bcb36cf8a913ae59a09fccfe8c93)] -> xpath: //a[contains(text(),'Log in')]]
2022-05-15 01:05:644 INFO  HomePage :51 - Sending text to email : [[ChromeDriver: chrome on WINDOWS (d2c7bcb36cf8a913ae59a09fccfe8c93)] -> xpath: //input[@id='Email']]
2022-05-15 01:05:728 INFO  HomePage :56 - Sending text to password : [[ChromeDriver: chrome on WINDOWS (d2c7bcb36cf8a913ae59a09fccfe8c93)] -> xpath: //input[@id='Password']]
2022-05-15 01:05:180 INFO  HomePage :61 - clicking on login button : [[ChromeDriver: chrome on WINDOWS (d2c7bcb36cf8a913ae59a09fccfe8c93)] -> xpath: //button[contains(text(),'Log in')]]
2022-05-15 01:05:199 INFO  HomePage :75 - Getting Error Message : [[ChromeDriver: chrome on WINDOWS (d2c7bcb36cf8a913ae59a09fccfe8c93)] -> xpath: //div[@class='message-error validation-summary-errors']]
2022-05-15 01:05:61 INFO  ManageDriver :32 - Launching Chrome Browser
2022-05-15 01:05:625 INFO  HomePage :107 - Clicking on login Link : [[ChromeDriver: chrome on WINDOWS (43cfc17ecbd8e59f6d8dbf66f1111fbf)] -> xpath: //a[contains(text(),'Log in')]]
2022-05-15 01:05:724 INFO  HomePage :51 - Sending text to email : [[ChromeDriver: chrome on WINDOWS (43cfc17ecbd8e59f6d8dbf66f1111fbf)] -> xpath: //input[@id='Email']]
2022-05-15 01:05:806 INFO  HomePage :56 - Sending text to password : [[ChromeDriver: chrome on WINDOWS (43cfc17ecbd8e59f6d8dbf66f1111fbf)] -> xpath: //input[@id='Password']]
2022-05-15 01:05:585 INFO  HomePage :61 - clicking on login button : [[ChromeDriver: chrome on WINDOWS (43cfc17ecbd8e59f6d8dbf66f1111fbf)] -> xpath: //button[contains(text(),'Log in')]]
2022-05-15 01:05:605 INFO  HomePage :80 - Getting LogOut Button Text : [[ChromeDriver: chrome on WINDOWS (43cfc17ecbd8e59f6d8dbf66f1111fbf)] -> xpath: //a[contains(text(),'Log out')]]
2022-05-15 01:05:289 INFO  ManageDriver :32 - Launching Chrome Browser
2022-05-15 01:05:278 INFO  HomePage :107 - Clicking on login Link : [[ChromeDriver: chrome on WINDOWS (5fe0aa4d692294ab95628cd4c568817d)] -> xpath: //a[contains(text(),'Log in')]]
2022-05-15 01:05:382 INFO  HomePage :51 - Sending text to email : [[ChromeDriver: chrome on WINDOWS (5fe0aa4d692294ab95628cd4c568817d)] -> xpath: //input[@id='Email']]
2022-05-15 01:05:469 INFO  HomePage :56 - Sending text to password : [[ChromeDriver: chrome on WINDOWS (5fe0aa4d692294ab95628cd4c568817d)] -> xpath: //input[@id='Password']]
2022-05-15 01:05:127 INFO  HomePage :61 - clicking on login button : [[ChromeDriver: chrome on WINDOWS (5fe0aa4d692294ab95628cd4c568817d)] -> xpath: //button[contains(text(),'Log in')]]
2022-05-15 01:05:737 INFO  HomePage :86 - Clicking on LogOut Button : [[ChromeDriver: chrome on WINDOWS (5fe0aa4d692294ab95628cd4c568817d)] -> xpath: //a[contains(text(),'Log out')]]
2022-05-15 01:05:756 INFO  HomePage :65 - Getting on login button text : [[ChromeDriver: chrome on WINDOWS (5fe0aa4d692294ab95628cd4c568817d)] -> xpath: //li/a[contains(text(),'Log in')]]
2022-05-15 01:05:555 INFO  ManageDriver :32 - Launching Chrome Browser
2022-05-15 01:05:06 INFO  HomePage :107 - Clicking on login Link : [[ChromeDriver: chrome on WINDOWS (d1b23d82e522dc1e79d35450b38f0c79)] -> xpath: //a[contains(text(),'Log in')]]
2022-05-15 01:05:33 INFO  HomePage :70 - Getting page header : [[ChromeDriver: chrome on WINDOWS (d1b23d82e522dc1e79d35450b38f0c79)] -> xpath: //h1[contains(text(),'Welcome, Please Sign In!')]]
2022-05-15 01:05:710 INFO  ManageDriver :32 - Launching Chrome Browser
2022-05-15 01:05:127 INFO  HomePage :107 - Clicking on login Link : [[ChromeDriver: chrome on WINDOWS (3ebab9bcc4d2851ddbb848498794778b)] -> xpath: //a[contains(text(),'Log in')]]
2022-05-15 01:05:230 INFO  HomePage :51 - Sending text to email : [[ChromeDriver: chrome on WINDOWS (3ebab9bcc4d2851ddbb848498794778b)] -> xpath: //input[@id='Email']]
2022-05-15 01:05:317 INFO  HomePage :56 - Sending text to password : [[ChromeDriver: chrome on WINDOWS (3ebab9bcc4d2851ddbb848498794778b)] -> xpath: //input[@id='Password']]
2022-05-15 01:05:717 INFO  HomePage :61 - clicking on login button : [[ChromeDriver: chrome on WINDOWS (3ebab9bcc4d2851ddbb848498794778b)] -> xpath: //button[contains(text(),'Log in')]]
2022-05-15 01:05:734 INFO  HomePage :75 - Getting Error Message : [[ChromeDriver: chrome on WINDOWS (3ebab9bcc4d2851ddbb848498794778b)] -> xpath: //div[@class='message-error validation-summary-errors']]
2022-05-15 01:05:422 INFO  ManageDriver :32 - Launching Chrome Browser
2022-05-15 01:05:10 INFO  HomePage :107 - Clicking on login Link : [[ChromeDriver: chrome on WINDOWS (9e04bfc4e1eac95df50804f3ada29274)] -> xpath: //a[contains(text(),'Log in')]]
2022-05-15 01:05:120 INFO  HomePage :51 - Sending text to email : [[ChromeDriver: chrome on WINDOWS (9e04bfc4e1eac95df50804f3ada29274)] -> xpath: //input[@id='Email']]
2022-05-15 01:05:206 INFO  HomePage :56 - Sending text to password : [[ChromeDriver: chrome on WINDOWS (9e04bfc4e1eac95df50804f3ada29274)] -> xpath: //input[@id='Password']]
2022-05-15 01:05:861 INFO  HomePage :61 - clicking on login button : [[ChromeDriver: chrome on WINDOWS (9e04bfc4e1eac95df50804f3ada29274)] -> xpath: //button[contains(text(),'Log in')]]
2022-05-15 01:05:878 INFO  HomePage :80 - Getting LogOut Button Text : [[ChromeDriver: chrome on WINDOWS (9e04bfc4e1eac95df50804f3ada29274)] -> xpath: //a[contains(text(),'Log out')]]
2022-05-15 01:05:553 INFO  ManageDriver :32 - Launching Chrome Browser
2022-05-15 01:05:48 INFO  HomePage :107 - Clicking on login Link : [[ChromeDriver: chrome on WINDOWS (ee16956cbd3141c769d19d7fd8a51904)] -> xpath: //a[contains(text(),'Log in')]]
2022-05-15 01:05:153 INFO  HomePage :51 - Sending text to email : [[ChromeDriver: chrome on WINDOWS (ee16956cbd3141c769d19d7fd8a51904)] -> xpath: //input[@id='Email']]
2022-05-15 01:05:239 INFO  HomePage :56 - Sending text to password : [[ChromeDriver: chrome on WINDOWS (ee16956cbd3141c769d19d7fd8a51904)] -> xpath: //input[@id='Password']]
2022-05-15 01:05:937 INFO  HomePage :61 - clicking on login button : [[ChromeDriver: chrome on WINDOWS (ee16956cbd3141c769d19d7fd8a51904)] -> xpath: //button[contains(text(),'Log in')]]
2022-05-15 01:05:611 INFO  HomePage :86 - Clicking on LogOut Button : [[ChromeDriver: chrome on WINDOWS (ee16956cbd3141c769d19d7fd8a51904)] -> xpath: //a[contains(text(),'Log out')]]
2022-05-15 01:05:629 INFO  HomePage :65 - Getting on login button text : [[ChromeDriver: chrome on WINDOWS (ee16956cbd3141c769d19d7fd8a51904)] -> xpath: //li/a[contains(text(),'Log in')]]
2022-05-15 01:05:961 INFO  ManageDriver :32 - Launching Chrome Browser
2022-05-15 01:05:303 INFO  HomePage :72 - Clicking on Computer Link : [[ChromeDriver: chrome on WINDOWS (9eb7275d08e45e2adb6f781f52c2cdc2)] -> xpath: //ul[@class='top-menu notmobile']//a[contains(text(),'Computers')]]
2022-05-15 01:05:344 INFO  HomePage :38 - Getting Page Header [[ChromeDriver: chrome on WINDOWS (9eb7275d08e45e2adb6f781f52c2cdc2)] -> xpath: //h1[contains(text(),'Computers')]]
2022-05-15 01:05:65 INFO  ManageDriver :32 - Launching Chrome Browser
2022-05-15 01:05:797 INFO  HomePage :72 - Clicking on Computer Link : [[ChromeDriver: chrome on WINDOWS (09d88198700f0003328af9419c79519f)] -> xpath: //ul[@class='top-menu notmobile']//a[contains(text(),'Computers')]]
2022-05-15 01:05:355 INFO  HomePage :44 - Clicking on Desktop Link [[ChromeDriver: chrome on WINDOWS (09d88198700f0003328af9419c79519f)] -> xpath: //div[@class='sub-category-item']//a[contains(text(),'Desktops')]]
2022-05-15 01:05:374 INFO  HomePage :38 - Getting Page Header Proxy element for: DefaultElementLocator 'By.xpath: //h1[contains(text(),'Computers')]'
2022-05-15 01:05:431 INFO  ManageDriver :32 - Launching Chrome Browser
2022-05-15 01:05:366 INFO  HomePage :72 - Clicking on Computer Link : [[ChromeDriver: chrome on WINDOWS (79be7055895b00533166ba929f304f29)] -> xpath: //ul[@class='top-menu notmobile']//a[contains(text(),'Computers')]]
2022-05-15 01:05:928 INFO  HomePage :44 - Clicking on Desktop Link [[ChromeDriver: chrome on WINDOWS (79be7055895b00533166ba929f304f29)] -> xpath: //div[@class='sub-category-item']//a[contains(text(),'Desktops')]]
2022-05-15 01:05:549 INFO  HomePage :63 - Clicking on Build Your Computer : [[ChromeDriver: chrome on WINDOWS (79be7055895b00533166ba929f304f29)] -> xpath: //body/div[6]/div[3]/div[1]/div[3]/div[1]/div[2]/div[2]/div[2]/div[1]/div[1]/div[1]/div[1]/div[2]/h2[1]/a[1]]
2022-05-15 01:05:654 INFO  HomePage :75 - Setting Processor [[ChromeDriver: chrome on WINDOWS (79be7055895b00533166ba929f304f29)] -> xpath: //select[@id='product_attribute_1']]
2022-05-15 01:05:747 INFO  HomePage :80 - Setting RAM [[ChromeDriver: chrome on WINDOWS (79be7055895b00533166ba929f304f29)] -> xpath: //select[@id='product_attribute_2']]
2022-05-15 01:05:810 INFO  HomePage :86 - Setting HDD : 320 GBto [[ChromeDriver: chrome on WINDOWS (79be7055895b00533166ba929f304f29)] -> xpath: //input[@id='product_attribute_3_6']]
2022-05-15 01:05:880 INFO  HomePage :123 - Clicking on Add to cart : [[ChromeDriver: chrome on WINDOWS (79be7055895b00533166ba929f304f29)] -> xpath: //button[@id='add-to-cart-button-1']]
2022-05-15 01:05:150 INFO  HomePage :127 - Getting Confirm Message After adding to cart : [[ChromeDriver: chrome on WINDOWS (79be7055895b00533166ba929f304f29)] -> xpath: //div/p[@class='content']]
2022-05-15 01:05:824 INFO  ManageDriver :32 - Launching Chrome Browser
2022-05-15 01:05:11 INFO  HomePage :72 - Clicking on Computer Link : [[ChromeDriver: chrome on WINDOWS (5f2ef32dc81fa24309096f20b28e1ec4)] -> xpath: //ul[@class='top-menu notmobile']//a[contains(text(),'Computers')]]
2022-05-15 01:05:432 INFO  HomePage :44 - Clicking on Desktop Link [[ChromeDriver: chrome on WINDOWS (5f2ef32dc81fa24309096f20b28e1ec4)] -> xpath: //div[@class='sub-category-item']//a[contains(text(),'Desktops')]]
2022-05-15 01:05:437 INFO  HomePage :63 - Clicking on Build Your Computer : [[ChromeDriver: chrome on WINDOWS (5f2ef32dc81fa24309096f20b28e1ec4)] -> xpath: //body/div[6]/div[3]/div[1]/div[3]/div[1]/div[2]/div[2]/div[2]/div[1]/div[1]/div[1]/div[1]/div[2]/h2[1]/a[1]]
2022-05-15 01:05:492 INFO  HomePage :75 - Setting Processor [[ChromeDriver: chrome on WINDOWS (5f2ef32dc81fa24309096f20b28e1ec4)] -> xpath: //select[@id='product_attribute_1']]
2022-05-15 01:05:575 INFO  HomePage :80 - Setting RAM [[ChromeDriver: chrome on WINDOWS (5f2ef32dc81fa24309096f20b28e1ec4)] -> xpath: //select[@id='product_attribute_2']]
2022-05-15 01:05:635 INFO  HomePage :89 - Setting HDD : 400 GB [+$100.00]to [[ChromeDriver: chrome on WINDOWS (5f2ef32dc81fa24309096f20b28e1ec4)] -> xpath: //input[@id='product_attribute_3_7']]
2022-05-15 01:05:703 INFO  HomePage :123 - Clicking on Add to cart : [[ChromeDriver: chrome on WINDOWS (5f2ef32dc81fa24309096f20b28e1ec4)] -> xpath: //button[@id='add-to-cart-button-1']]
2022-05-15 01:05:967 INFO  HomePage :127 - Getting Confirm Message After adding to cart : [[ChromeDriver: chrome on WINDOWS (5f2ef32dc81fa24309096f20b28e1ec4)] -> xpath: //div/p[@class='content']]
2022-05-15 01:05:694 INFO  ManageDriver :32 - Launching Chrome Browser
2022-05-15 01:05:126 INFO  HomePage :72 - Clicking on Computer Link : [[ChromeDriver: chrome on WINDOWS (ba33de395822f9133d73e4c2fff208ae)] -> xpath: //ul[@class='top-menu notmobile']//a[contains(text(),'Computers')]]
2022-05-15 01:05:579 INFO  HomePage :44 - Clicking on Desktop Link [[ChromeDriver: chrome on WINDOWS (ba33de395822f9133d73e4c2fff208ae)] -> xpath: //div[@class='sub-category-item']//a[contains(text(),'Desktops')]]
2022-05-15 01:05:211 INFO  HomePage :63 - Clicking on Build Your Computer : [[ChromeDriver: chrome on WINDOWS (ba33de395822f9133d73e4c2fff208ae)] -> xpath: //body/div[6]/div[3]/div[1]/div[3]/div[1]/div[2]/div[2]/div[2]/div[1]/div[1]/div[1]/div[1]/div[2]/h2[1]/a[1]]
2022-05-15 01:05:262 INFO  HomePage :75 - Setting Processor [[ChromeDriver: chrome on WINDOWS (ba33de395822f9133d73e4c2fff208ae)] -> xpath: //select[@id='product_attribute_1']]
2022-05-15 01:05:350 INFO  HomePage :80 - Setting RAM [[ChromeDriver: chrome on WINDOWS (ba33de395822f9133d73e4c2fff208ae)] -> xpath: //select[@id='product_attribute_2']]
2022-05-15 01:05:414 INFO  HomePage :86 - Setting HDD : 320 GBto [[ChromeDriver: chrome on WINDOWS (ba33de395822f9133d73e4c2fff208ae)] -> xpath: //input[@id='product_attribute_3_6']]
2022-05-15 01:05:475 INFO  HomePage :123 - Clicking on Add to cart : [[ChromeDriver: chrome on WINDOWS (ba33de395822f9133d73e4c2fff208ae)] -> xpath: //button[@id='add-to-cart-button-1']]
2022-05-15 01:05:746 INFO  HomePage :127 - Getting Confirm Message After adding to cart : [[ChromeDriver: chrome on WINDOWS (ba33de395822f9133d73e4c2fff208ae)] -> xpath: //div/p[@class='content']]
2022-05-15 01:05:697 INFO  ManageDriver :32 - Launching Chrome Browser
2022-05-15 01:05:775 INFO  HomePage :72 - Clicking on Computer Link : [[ChromeDriver: chrome on WINDOWS (0cb44db6d8f99184725bb98e9519f6d5)] -> xpath: //ul[@class='top-menu notmobile']//a[contains(text(),'Computers')]]
2022-05-15 01:05:815 INFO  HomePage :38 - Getting Page Header [[ChromeDriver: chrome on WINDOWS (0cb44db6d8f99184725bb98e9519f6d5)] -> xpath: //h1[contains(text(),'Computers')]]
2022-05-15 01:05:864 INFO  ManageDriver :32 - Launching Chrome Browser
2022-05-15 01:05:225 INFO  HomePage :72 - Clicking on Computer Link : [[ChromeDriver: chrome on WINDOWS (e5acec8acf508da9063a1e4607ff85b5)] -> xpath: //ul[@class='top-menu notmobile']//a[contains(text(),'Computers')]]
2022-05-15 01:05:672 INFO  HomePage :44 - Clicking on Desktop Link [[ChromeDriver: chrome on WINDOWS (e5acec8acf508da9063a1e4607ff85b5)] -> xpath: //div[@class='sub-category-item']//a[contains(text(),'Desktops')]]
2022-05-15 01:05:745 INFO  HomePage :38 - Getting Page Header Proxy element for: DefaultElementLocator 'By.xpath: //h1[contains(text(),'Computers')]'
2022-05-15 01:05:861 INFO  ManageDriver :32 - Launching Chrome Browser
2022-05-15 01:05:738 INFO  HomePage :72 - Clicking on Computer Link : [[ChromeDriver: chrome on WINDOWS (15e0b62a11e211536da457563a5a0eac)] -> xpath: //ul[@class='top-menu notmobile']//a[contains(text(),'Computers')]]
2022-05-15 01:05:381 INFO  HomePage :44 - Clicking on Desktop Link [[ChromeDriver: chrome on WINDOWS (15e0b62a11e211536da457563a5a0eac)] -> xpath: //div[@class='sub-category-item']//a[contains(text(),'Desktops')]]
2022-05-15 01:05:314 INFO  HomePage :63 - Clicking on Build Your Computer : [[ChromeDriver: chrome on WINDOWS (15e0b62a11e211536da457563a5a0eac)] -> xpath: //body/div[6]/div[3]/div[1]/div[3]/div[1]/div[2]/div[2]/div[2]/div[1]/div[1]/div[1]/div[1]/div[2]/h2[1]/a[1]]
2022-05-15 01:05:410 INFO  HomePage :75 - Setting Processor [[ChromeDriver: chrome on WINDOWS (15e0b62a11e211536da457563a5a0eac)] -> xpath: //select[@id='product_attribute_1']]
2022-05-15 01:05:494 INFO  HomePage :80 - Setting RAM [[ChromeDriver: chrome on WINDOWS (15e0b62a11e211536da457563a5a0eac)] -> xpath: //select[@id='product_attribute_2']]
2022-05-15 01:05:558 INFO  HomePage :86 - Setting HDD : 320 GBto [[ChromeDriver: chrome on WINDOWS (15e0b62a11e211536da457563a5a0eac)] -> xpath: //input[@id='product_attribute_3_6']]
2022-05-15 01:05:635 INFO  HomePage :123 - Clicking on Add to cart : [[ChromeDriver: chrome on WINDOWS (15e0b62a11e211536da457563a5a0eac)] -> xpath: //button[@id='add-to-cart-button-1']]
2022-05-15 01:05:908 INFO  HomePage :127 - Getting Confirm Message After adding to cart : [[ChromeDriver: chrome on WINDOWS (15e0b62a11e211536da457563a5a0eac)] -> xpath: //div/p[@class='content']]
2022-05-15 01:05:635 INFO  ManageDriver :32 - Launching Chrome Browser
2022-05-15 01:05:155 INFO  HomePage :72 - Clicking on Computer Link : [[ChromeDriver: chrome on WINDOWS (49dadaafe1b529c608f6d456b7c8ed75)] -> xpath: //ul[@class='top-menu notmobile']//a[contains(text(),'Computers')]]
2022-05-15 01:05:620 INFO  HomePage :44 - Clicking on Desktop Link [[ChromeDriver: chrome on WINDOWS (49dadaafe1b529c608f6d456b7c8ed75)] -> xpath: //div[@class='sub-category-item']//a[contains(text(),'Desktops')]]
2022-05-15 01:05:948 INFO  HomePage :63 - Clicking on Build Your Computer : [[ChromeDriver: chrome on WINDOWS (49dadaafe1b529c608f6d456b7c8ed75)] -> xpath: //body/div[6]/div[3]/div[1]/div[3]/div[1]/div[2]/div[2]/div[2]/div[1]/div[1]/div[1]/div[1]/div[2]/h2[1]/a[1]]
2022-05-15 01:05:01 INFO  HomePage :75 - Setting Processor [[ChromeDriver: chrome on WINDOWS (49dadaafe1b529c608f6d456b7c8ed75)] -> xpath: //select[@id='product_attribute_1']]
2022-05-15 01:05:84 INFO  HomePage :80 - Setting RAM [[ChromeDriver: chrome on WINDOWS (49dadaafe1b529c608f6d456b7c8ed75)] -> xpath: //select[@id='product_attribute_2']]
2022-05-15 01:05:150 INFO  HomePage :89 - Setting HDD : 400 GB [+$100.00]to [[ChromeDriver: chrome on WINDOWS (49dadaafe1b529c608f6d456b7c8ed75)] -> xpath: //input[@id='product_attribute_3_7']]
2022-05-15 01:05:215 INFO  HomePage :123 - Clicking on Add to cart : [[ChromeDriver: chrome on WINDOWS (49dadaafe1b529c608f6d456b7c8ed75)] -> xpath: //button[@id='add-to-cart-button-1']]
2022-05-15 01:05:146 INFO  HomePage :127 - Getting Confirm Message After adding to cart : [[ChromeDriver: chrome on WINDOWS (49dadaafe1b529c608f6d456b7c8ed75)] -> xpath: //div/p[@class='content']]
2022-05-15 01:05:856 INFO  ManageDriver :32 - Launching Chrome Browser
2022-05-15 01:05:435 INFO  HomePage :72 - Clicking on Computer Link : [[ChromeDriver: chrome on WINDOWS (50aab139a3541910674c28842d84c23d)] -> xpath: //ul[@class='top-menu notmobile']//a[contains(text(),'Computers')]]
2022-05-15 01:05:980 INFO  HomePage :44 - Clicking on Desktop Link [[ChromeDriver: chrome on WINDOWS (50aab139a3541910674c28842d84c23d)] -> xpath: //div[@class='sub-category-item']//a[contains(text(),'Desktops')]]
2022-05-15 01:05:212 INFO  HomePage :63 - Clicking on Build Your Computer : [[ChromeDriver: chrome on WINDOWS (50aab139a3541910674c28842d84c23d)] -> xpath: //body/div[6]/div[3]/div[1]/div[3]/div[1]/div[2]/div[2]/div[2]/div[1]/div[1]/div[1]/div[1]/div[2]/h2[1]/a[1]]
2022-05-15 01:05:268 INFO  HomePage :75 - Setting Processor [[ChromeDriver: chrome on WINDOWS (50aab139a3541910674c28842d84c23d)] -> xpath: //select[@id='product_attribute_1']]
2022-05-15 01:05:349 INFO  HomePage :80 - Setting RAM [[ChromeDriver: chrome on WINDOWS (50aab139a3541910674c28842d84c23d)] -> xpath: //select[@id='product_attribute_2']]
2022-05-15 01:05:415 INFO  HomePage :86 - Setting HDD : 320 GBto [[ChromeDriver: chrome on WINDOWS (50aab139a3541910674c28842d84c23d)] -> xpath: //input[@id='product_attribute_3_6']]
2022-05-15 01:05:476 INFO  HomePage :123 - Clicking on Add to cart : [[ChromeDriver: chrome on WINDOWS (50aab139a3541910674c28842d84c23d)] -> xpath: //button[@id='add-to-cart-button-1']]
2022-05-15 01:05:804 INFO  HomePage :127 - Getting Confirm Message After adding to cart : [[ChromeDriver: chrome on WINDOWS (50aab139a3541910674c28842d84c23d)] -> xpath: //div/p[@class='content']]
2022-05-15 02:05:204 INFO  ManageDriver :32 - Launching Chrome Browser
2022-05-15 02:05:661 INFO  HomePage :72 - Clicking on Computer Link : [[ChromeDriver: chrome on WINDOWS (e5a8fb1e7c6aa711d064c36e63e554a8)] -> xpath: //ul[@class='top-menu notmobile']//a[contains(text(),'Computers')]]
2022-05-15 02:05:701 INFO  HomePage :42 - Getting Page Header : Proxy element for: DefaultElementLocator 'By.xpath: //h1[contains(text(),'Desktops')]'
2022-05-15 02:05:863 INFO  ManageDriver :32 - Launching Chrome Browser
2022-05-15 02:05:736 INFO  HomePage :72 - Clicking on Computer Link : [[ChromeDriver: chrome on WINDOWS (c899df0f2048feac77df45bdf1ead812)] -> xpath: //ul[@class='top-menu notmobile']//a[contains(text(),'Computers')]]
2022-05-15 02:05:195 INFO  HomePage :44 - Clicking on Desktop Link [[ChromeDriver: chrome on WINDOWS (c899df0f2048feac77df45bdf1ead812)] -> xpath: //div[@class='sub-category-item']//a[contains(text(),'Desktops')]]
2022-05-15 02:05:217 INFO  HomePage :42 - Getting Page Header : [[ChromeDriver: chrome on WINDOWS (c899df0f2048feac77df45bdf1ead812)] -> xpath: //h1[contains(text(),'Desktops')]]
2022-05-15 02:05:964 INFO  ManageDriver :32 - Launching Chrome Browser
2022-05-15 02:05:700 INFO  HomePage :72 - Clicking on Computer Link : [[ChromeDriver: chrome on WINDOWS (a9dfb564a3c7f606c2967b0e1a85a4b2)] -> xpath: //ul[@class='top-menu notmobile']//a[contains(text(),'Computers')]]
2022-05-15 02:05:193 INFO  HomePage :44 - Clicking on Desktop Link [[ChromeDriver: chrome on WINDOWS (a9dfb564a3c7f606c2967b0e1a85a4b2)] -> xpath: //div[@class='sub-category-item']//a[contains(text(),'Desktops')]]
2022-05-15 02:05:184 INFO  HomePage :63 - Clicking on Build Your Computer : [[ChromeDriver: chrome on WINDOWS (a9dfb564a3c7f606c2967b0e1a85a4b2)] -> xpath: //body/div[6]/div[3]/div[1]/div[3]/div[1]/div[2]/div[2]/div[2]/div[1]/div[1]/div[1]/div[1]/div[2]/h2[1]/a[1]]
2022-05-15 02:05:273 INFO  HomePage :75 - Setting Processor [[ChromeDriver: chrome on WINDOWS (a9dfb564a3c7f606c2967b0e1a85a4b2)] -> xpath: //select[@id='product_attribute_1']]
2022-05-15 02:05:361 INFO  HomePage :80 - Setting RAM [[ChromeDriver: chrome on WINDOWS (a9dfb564a3c7f606c2967b0e1a85a4b2)] -> xpath: //select[@id='product_attribute_2']]
2022-05-15 02:05:423 INFO  HomePage :86 - Setting HDD : 320 GBto [[ChromeDriver: chrome on WINDOWS (a9dfb564a3c7f606c2967b0e1a85a4b2)] -> xpath: //input[@id='product_attribute_3_6']]
2022-05-15 02:05:490 INFO  HomePage :123 - Clicking on Add to cart : [[ChromeDriver: chrome on WINDOWS (a9dfb564a3c7f606c2967b0e1a85a4b2)] -> xpath: //button[@id='add-to-cart-button-1']]
2022-05-15 02:05:761 INFO  HomePage :127 - Getting Confirm Message After adding to cart : [[ChromeDriver: chrome on WINDOWS (a9dfb564a3c7f606c2967b0e1a85a4b2)] -> xpath: //div/p[@class='content']]
2022-05-15 02:05:506 INFO  ManageDriver :32 - Launching Chrome Browser
2022-05-15 02:05:103 INFO  HomePage :72 - Clicking on Computer Link : [[ChromeDriver: chrome on WINDOWS (376a2c449386bbeff38d8de990fb1ec2)] -> xpath: //ul[@class='top-menu notmobile']//a[contains(text(),'Computers')]]
2022-05-15 02:05:570 INFO  HomePage :44 - Clicking on Desktop Link [[ChromeDriver: chrome on WINDOWS (376a2c449386bbeff38d8de990fb1ec2)] -> xpath: //div[@class='sub-category-item']//a[contains(text(),'Desktops')]]
2022-05-15 02:05:605 INFO  HomePage :63 - Clicking on Build Your Computer : [[ChromeDriver: chrome on WINDOWS (376a2c449386bbeff38d8de990fb1ec2)] -> xpath: //body/div[6]/div[3]/div[1]/div[3]/div[1]/div[2]/div[2]/div[2]/div[1]/div[1]/div[1]/div[1]/div[2]/h2[1]/a[1]]
2022-05-15 02:05:667 INFO  HomePage :75 - Setting Processor [[ChromeDriver: chrome on WINDOWS (376a2c449386bbeff38d8de990fb1ec2)] -> xpath: //select[@id='product_attribute_1']]
2022-05-15 02:05:756 INFO  HomePage :80 - Setting RAM [[ChromeDriver: chrome on WINDOWS (376a2c449386bbeff38d8de990fb1ec2)] -> xpath: //select[@id='product_attribute_2']]
2022-05-15 02:05:819 INFO  HomePage :89 - Setting HDD : 400 GB [+$100.00]to [[ChromeDriver: chrome on WINDOWS (376a2c449386bbeff38d8de990fb1ec2)] -> xpath: //input[@id='product_attribute_3_7']]
2022-05-15 02:05:890 INFO  HomePage :123 - Clicking on Add to cart : [[ChromeDriver: chrome on WINDOWS (376a2c449386bbeff38d8de990fb1ec2)] -> xpath: //button[@id='add-to-cart-button-1']]
2022-05-15 02:05:78 INFO  HomePage :127 - Getting Confirm Message After adding to cart : [[ChromeDriver: chrome on WINDOWS (376a2c449386bbeff38d8de990fb1ec2)] -> xpath: //div/p[@class='content']]
2022-05-15 02:05:801 INFO  ManageDriver :32 - Launching Chrome Browser
2022-05-15 02:05:511 INFO  HomePage :72 - Clicking on Computer Link : [[ChromeDriver: chrome on WINDOWS (47e3500454a06131e86756478b9b7021)] -> xpath: //ul[@class='top-menu notmobile']//a[contains(text(),'Computers')]]
2022-05-15 02:05:255 INFO  HomePage :44 - Clicking on Desktop Link [[ChromeDriver: chrome on WINDOWS (47e3500454a06131e86756478b9b7021)] -> xpath: //div[@class='sub-category-item']//a[contains(text(),'Desktops')]]
2022-05-15 02:05:118 INFO  HomePage :63 - Clicking on Build Your Computer : [[ChromeDriver: chrome on WINDOWS (47e3500454a06131e86756478b9b7021)] -> xpath: //body/div[6]/div[3]/div[1]/div[3]/div[1]/div[2]/div[2]/div[2]/div[1]/div[1]/div[1]/div[1]/div[2]/h2[1]/a[1]]
2022-05-15 02:05:177 INFO  HomePage :75 - Setting Processor [[ChromeDriver: chrome on WINDOWS (47e3500454a06131e86756478b9b7021)] -> xpath: //select[@id='product_attribute_1']]
2022-05-15 02:05:259 INFO  HomePage :80 - Setting RAM [[ChromeDriver: chrome on WINDOWS (47e3500454a06131e86756478b9b7021)] -> xpath: //select[@id='product_attribute_2']]
2022-05-15 02:05:327 INFO  HomePage :86 - Setting HDD : 320 GBto [[ChromeDriver: chrome on WINDOWS (47e3500454a06131e86756478b9b7021)] -> xpath: //input[@id='product_attribute_3_6']]
2022-05-15 02:05:397 INFO  HomePage :123 - Clicking on Add to cart : [[ChromeDriver: chrome on WINDOWS (47e3500454a06131e86756478b9b7021)] -> xpath: //button[@id='add-to-cart-button-1']]
2022-05-15 02:05:665 INFO  HomePage :127 - Getting Confirm Message After adding to cart : [[ChromeDriver: chrome on WINDOWS (47e3500454a06131e86756478b9b7021)] -> xpath: //div/p[@class='content']]
2022-05-15 02:05:955 INFO  ManageDriver :32 - Launching Chrome Browser
2022-05-15 02:05:29 INFO  HomePage :72 - Clicking on Computer Link : [[ChromeDriver: chrome on WINDOWS (c98014bd8d8171820020cfd9c7ca619b)] -> xpath: //ul[@class='top-menu notmobile']//a[contains(text(),'Computers')]]
2022-05-15 02:05:62 INFO  HomePage :38 - Getting Page Header [[ChromeDriver: chrome on WINDOWS (c98014bd8d8171820020cfd9c7ca619b)] -> xpath: //h1[contains(text(),'Computers')]]
2022-05-15 02:05:797 INFO  ManageDriver :32 - Launching Chrome Browser
2022-05-15 02:05:510 INFO  HomePage :72 - Clicking on Computer Link : [[ChromeDriver: chrome on WINDOWS (25060ba310f46440231b17d91bfc10bb)] -> xpath: //ul[@class='top-menu notmobile']//a[contains(text(),'Computers')]]
2022-05-15 02:05:560 INFO  HomePage :44 - Clicking on Desktop Link [[ChromeDriver: chrome on WINDOWS (25060ba310f46440231b17d91bfc10bb)] -> xpath: //div[@class='sub-category-item']//a[contains(text(),'Desktops')]]
2022-05-15 02:05:581 INFO  HomePage :42 - Getting Page Header : [[ChromeDriver: chrome on WINDOWS (25060ba310f46440231b17d91bfc10bb)] -> xpath: //h1[contains(text(),'Desktops')]]
2022-05-15 02:05:289 INFO  ManageDriver :32 - Launching Chrome Browser
2022-05-15 02:05:823 INFO  HomePage :72 - Clicking on Computer Link : [[ChromeDriver: chrome on WINDOWS (7f2162d099f609f5ab305c80d5efd644)] -> xpath: //ul[@class='top-menu notmobile']//a[contains(text(),'Computers')]]
2022-05-15 02:05:442 INFO  HomePage :44 - Clicking on Desktop Link [[ChromeDriver: chrome on WINDOWS (7f2162d099f609f5ab305c80d5efd644)] -> xpath: //div[@class='sub-category-item']//a[contains(text(),'Desktops')]]
2022-05-15 02:05:51 INFO  HomePage :63 - Clicking on Build Your Computer : [[ChromeDriver: chrome on WINDOWS (7f2162d099f609f5ab305c80d5efd644)] -> xpath: //body/div[6]/div[3]/div[1]/div[3]/div[1]/div[2]/div[2]/div[2]/div[1]/div[1]/div[1]/div[1]/div[2]/h2[1]/a[1]]
2022-05-15 02:05:146 INFO  HomePage :75 - Setting Processor [[ChromeDriver: chrome on WINDOWS (7f2162d099f609f5ab305c80d5efd644)] -> xpath: //select[@id='product_attribute_1']]
2022-05-15 02:05:226 INFO  HomePage :80 - Setting RAM [[ChromeDriver: chrome on WINDOWS (7f2162d099f609f5ab305c80d5efd644)] -> xpath: //select[@id='product_attribute_2']]
2022-05-15 02:05:287 INFO  HomePage :86 - Setting HDD : 320 GBto [[ChromeDriver: chrome on WINDOWS (7f2162d099f609f5ab305c80d5efd644)] -> xpath: //input[@id='product_attribute_3_6']]
2022-05-15 02:05:355 INFO  HomePage :123 - Clicking on Add to cart : [[ChromeDriver: chrome on WINDOWS (7f2162d099f609f5ab305c80d5efd644)] -> xpath: //button[@id='add-to-cart-button-1']]
2022-05-15 02:05:684 INFO  HomePage :127 - Getting Confirm Message After adding to cart : [[ChromeDriver: chrome on WINDOWS (7f2162d099f609f5ab305c80d5efd644)] -> xpath: //div/p[@class='content']]
2022-05-15 02:05:366 INFO  ManageDriver :32 - Launching Chrome Browser
2022-05-15 02:05:102 INFO  HomePage :72 - Clicking on Computer Link : [[ChromeDriver: chrome on WINDOWS (4d305c66971abcd41de5a8693fa4543d)] -> xpath: //ul[@class='top-menu notmobile']//a[contains(text(),'Computers')]]
2022-05-15 02:05:701 INFO  HomePage :44 - Clicking on Desktop Link [[ChromeDriver: chrome on WINDOWS (4d305c66971abcd41de5a8693fa4543d)] -> xpath: //div[@class='sub-category-item']//a[contains(text(),'Desktops')]]
2022-05-15 02:05:310 INFO  HomePage :63 - Clicking on Build Your Computer : [[ChromeDriver: chrome on WINDOWS (4d305c66971abcd41de5a8693fa4543d)] -> xpath: //body/div[6]/div[3]/div[1]/div[3]/div[1]/div[2]/div[2]/div[2]/div[1]/div[1]/div[1]/div[1]/div[2]/h2[1]/a[1]]
2022-05-15 02:05:365 INFO  HomePage :75 - Setting Processor [[ChromeDriver: chrome on WINDOWS (4d305c66971abcd41de5a8693fa4543d)] -> xpath: //select[@id='product_attribute_1']]
2022-05-15 02:05:449 INFO  HomePage :80 - Setting RAM [[ChromeDriver: chrome on WINDOWS (4d305c66971abcd41de5a8693fa4543d)] -> xpath: //select[@id='product_attribute_2']]
2022-05-15 02:05:514 INFO  HomePage :89 - Setting HDD : 400 GB [+$100.00]to [[ChromeDriver: chrome on WINDOWS (4d305c66971abcd41de5a8693fa4543d)] -> xpath: //input[@id='product_attribute_3_7']]
2022-05-15 02:05:573 INFO  HomePage :123 - Clicking on Add to cart : [[ChromeDriver: chrome on WINDOWS (4d305c66971abcd41de5a8693fa4543d)] -> xpath: //button[@id='add-to-cart-button-1']]
2022-05-15 02:05:504 INFO  HomePage :127 - Getting Confirm Message After adding to cart : [[ChromeDriver: chrome on WINDOWS (4d305c66971abcd41de5a8693fa4543d)] -> xpath: //div/p[@class='content']]
2022-05-15 02:05:203 INFO  ManageDriver :32 - Launching Chrome Browser
2022-05-15 02:05:624 INFO  HomePage :72 - Clicking on Computer Link : [[ChromeDriver: chrome on WINDOWS (5c9453dbfd31a87b12e68bb5afe40d8c)] -> xpath: //ul[@class='top-menu notmobile']//a[contains(text(),'Computers')]]
2022-05-15 02:05:56 INFO  HomePage :44 - Clicking on Desktop Link [[ChromeDriver: chrome on WINDOWS (5c9453dbfd31a87b12e68bb5afe40d8c)] -> xpath: //div[@class='sub-category-item']//a[contains(text(),'Desktops')]]
2022-05-15 02:05:898 INFO  HomePage :63 - Clicking on Build Your Computer : [[ChromeDriver: chrome on WINDOWS (5c9453dbfd31a87b12e68bb5afe40d8c)] -> xpath: //body/div[6]/div[3]/div[1]/div[3]/div[1]/div[2]/div[2]/div[2]/div[1]/div[1]/div[1]/div[1]/div[2]/h2[1]/a[1]]
2022-05-15 02:05:953 INFO  HomePage :75 - Setting Processor [[ChromeDriver: chrome on WINDOWS (5c9453dbfd31a87b12e68bb5afe40d8c)] -> xpath: //select[@id='product_attribute_1']]
2022-05-15 02:05:39 INFO  HomePage :80 - Setting RAM [[ChromeDriver: chrome on WINDOWS (5c9453dbfd31a87b12e68bb5afe40d8c)] -> xpath: //select[@id='product_attribute_2']]
2022-05-15 02:05:104 INFO  HomePage :86 - Setting HDD : 320 GBto [[ChromeDriver: chrome on WINDOWS (5c9453dbfd31a87b12e68bb5afe40d8c)] -> xpath: //input[@id='product_attribute_3_6']]
2022-05-15 02:05:163 INFO  HomePage :123 - Clicking on Add to cart : [[ChromeDriver: chrome on WINDOWS (5c9453dbfd31a87b12e68bb5afe40d8c)] -> xpath: //button[@id='add-to-cart-button-1']]
2022-05-15 02:05:420 INFO  HomePage :127 - Getting Confirm Message After adding to cart : [[ChromeDriver: chrome on WINDOWS (5c9453dbfd31a87b12e68bb5afe40d8c)] -> xpath: //div/p[@class='content']]
2022-05-15 02:05:366 INFO  ManageDriver :32 - Launching Chrome Browser
2022-05-15 02:05:866 INFO  HomePage :72 - Clicking on Computer Link : [[ChromeDriver: chrome on WINDOWS (8795c368342201e49388638e4ed2a63b)] -> xpath: //ul[@class='top-menu notmobile']//a[contains(text(),'Computers')]]
2022-05-15 02:05:893 INFO  HomePage :38 - Getting Page Header [[ChromeDriver: chrome on WINDOWS (8795c368342201e49388638e4ed2a63b)] -> xpath: //h1[contains(text(),'Computers')]]
2022-05-15 02:05:613 INFO  ManageDriver :32 - Launching Chrome Browser
2022-05-15 02:05:555 INFO  HomePage :72 - Clicking on Computer Link : [[ChromeDriver: chrome on WINDOWS (3579cc26e49adeeb1c1881e10e39b2d0)] -> xpath: //ul[@class='top-menu notmobile']//a[contains(text(),'Computers')]]
2022-05-15 02:05:09 INFO  HomePage :44 - Clicking on Desktop Link [[ChromeDriver: chrome on WINDOWS (3579cc26e49adeeb1c1881e10e39b2d0)] -> xpath: //div[@class='sub-category-item']//a[contains(text(),'Desktops')]]
2022-05-15 02:05:34 INFO  HomePage :42 - Getting Page Header : [[ChromeDriver: chrome on WINDOWS (3579cc26e49adeeb1c1881e10e39b2d0)] -> xpath: //h1[contains(text(),'Desktops')]]
2022-05-15 02:05:769 INFO  ManageDriver :32 - Launching Chrome Browser
2022-05-15 02:05:541 INFO  HomePage :72 - Clicking on Computer Link : [[ChromeDriver: chrome on WINDOWS (da49e3a184ced65ddbc6f7cebf673d0d)] -> xpath: //ul[@class='top-menu notmobile']//a[contains(text(),'Computers')]]
2022-05-15 02:05:968 INFO  HomePage :44 - Clicking on Desktop Link [[ChromeDriver: chrome on WINDOWS (da49e3a184ced65ddbc6f7cebf673d0d)] -> xpath: //div[@class='sub-category-item']//a[contains(text(),'Desktops')]]
2022-05-15 02:05:288 INFO  HomePage :63 - Clicking on Build Your Computer : [[ChromeDriver: chrome on WINDOWS (da49e3a184ced65ddbc6f7cebf673d0d)] -> xpath: //body/div[6]/div[3]/div[1]/div[3]/div[1]/div[2]/div[2]/div[2]/div[1]/div[1]/div[1]/div[1]/div[2]/h2[1]/a[1]]
2022-05-15 02:05:383 INFO  HomePage :75 - Setting Processor [[ChromeDriver: chrome on WINDOWS (da49e3a184ced65ddbc6f7cebf673d0d)] -> xpath: //select[@id='product_attribute_1']]
2022-05-15 02:05:472 INFO  HomePage :80 - Setting RAM [[ChromeDriver: chrome on WINDOWS (da49e3a184ced65ddbc6f7cebf673d0d)] -> xpath: //select[@id='product_attribute_2']]
2022-05-15 02:05:540 INFO  HomePage :86 - Setting HDD : 320 GBto [[ChromeDriver: chrome on WINDOWS (da49e3a184ced65ddbc6f7cebf673d0d)] -> xpath: //input[@id='product_attribute_3_6']]
2022-05-15 02:05:604 INFO  HomePage :123 - Clicking on Add to cart : [[ChromeDriver: chrome on WINDOWS (da49e3a184ced65ddbc6f7cebf673d0d)] -> xpath: //button[@id='add-to-cart-button-1']]
2022-05-15 02:05:596 INFO  HomePage :127 - Getting Confirm Message After adding to cart : [[ChromeDriver: chrome on WINDOWS (da49e3a184ced65ddbc6f7cebf673d0d)] -> xpath: //div/p[@class='content']]
2022-05-15 02:05:304 INFO  ManageDriver :32 - Launching Chrome Browser
2022-05-15 02:05:95 INFO  HomePage :72 - Clicking on Computer Link : [[ChromeDriver: chrome on WINDOWS (9451e0c329b5aef2081d642b02db89eb)] -> xpath: //ul[@class='top-menu notmobile']//a[contains(text(),'Computers')]]
2022-05-15 02:05:720 INFO  HomePage :44 - Clicking on Desktop Link [[ChromeDriver: chrome on WINDOWS (9451e0c329b5aef2081d642b02db89eb)] -> xpath: //div[@class='sub-category-item']//a[contains(text(),'Desktops')]]
2022-05-15 02:05:230 INFO  HomePage :63 - Clicking on Build Your Computer : [[ChromeDriver: chrome on WINDOWS (9451e0c329b5aef2081d642b02db89eb)] -> xpath: //body/div[6]/div[3]/div[1]/div[3]/div[1]/div[2]/div[2]/div[2]/div[1]/div[1]/div[1]/div[1]/div[2]/h2[1]/a[1]]
2022-05-15 02:05:283 INFO  HomePage :75 - Setting Processor [[ChromeDriver: chrome on WINDOWS (9451e0c329b5aef2081d642b02db89eb)] -> xpath: //select[@id='product_attribute_1']]
2022-05-15 02:05:360 INFO  HomePage :80 - Setting RAM [[ChromeDriver: chrome on WINDOWS (9451e0c329b5aef2081d642b02db89eb)] -> xpath: //select[@id='product_attribute_2']]
2022-05-15 02:05:422 INFO  HomePage :89 - Setting HDD : 400 GB [+$100.00]to [[ChromeDriver: chrome on WINDOWS (9451e0c329b5aef2081d642b02db89eb)] -> xpath: //input[@id='product_attribute_3_7']]
2022-05-15 02:05:481 INFO  HomePage :123 - Clicking on Add to cart : [[ChromeDriver: chrome on WINDOWS (9451e0c329b5aef2081d642b02db89eb)] -> xpath: //button[@id='add-to-cart-button-1']]
2022-05-15 02:05:352 INFO  HomePage :127 - Getting Confirm Message After adding to cart : [[ChromeDriver: chrome on WINDOWS (9451e0c329b5aef2081d642b02db89eb)] -> xpath: //div/p[@class='content']]
2022-05-15 02:05:78 INFO  ManageDriver :32 - Launching Chrome Browser
2022-05-15 02:05:627 INFO  HomePage :72 - Clicking on Computer Link : [[ChromeDriver: chrome on WINDOWS (d2cc38a152e832265270c70c75f80a4f)] -> xpath: //ul[@class='top-menu notmobile']//a[contains(text(),'Computers')]]
2022-05-15 02:05:114 INFO  HomePage :44 - Clicking on Desktop Link [[ChromeDriver: chrome on WINDOWS (d2cc38a152e832265270c70c75f80a4f)] -> xpath: //div[@class='sub-category-item']//a[contains(text(),'Desktops')]]
2022-05-15 02:05:38 INFO  HomePage :63 - Clicking on Build Your Computer : [[ChromeDriver: chrome on WINDOWS (d2cc38a152e832265270c70c75f80a4f)] -> xpath: //body/div[6]/div[3]/div[1]/div[3]/div[1]/div[2]/div[2]/div[2]/div[1]/div[1]/div[1]/div[1]/div[2]/h2[1]/a[1]]
2022-05-15 02:05:91 INFO  HomePage :75 - Setting Processor [[ChromeDriver: chrome on WINDOWS (d2cc38a152e832265270c70c75f80a4f)] -> xpath: //select[@id='product_attribute_1']]
2022-05-15 02:05:175 INFO  HomePage :80 - Setting RAM [[ChromeDriver: chrome on WINDOWS (d2cc38a152e832265270c70c75f80a4f)] -> xpath: //select[@id='product_attribute_2']]
2022-05-15 02:05:236 INFO  HomePage :86 - Setting HDD : 320 GBto [[ChromeDriver: chrome on WINDOWS (d2cc38a152e832265270c70c75f80a4f)] -> xpath: //input[@id='product_attribute_3_6']]
2022-05-15 02:05:297 INFO  HomePage :123 - Clicking on Add to cart : [[ChromeDriver: chrome on WINDOWS (d2cc38a152e832265270c70c75f80a4f)] -> xpath: //button[@id='add-to-cart-button-1']]
2022-05-15 02:05:557 INFO  HomePage :127 - Getting Confirm Message After adding to cart : [[ChromeDriver: chrome on WINDOWS (d2cc38a152e832265270c70c75f80a4f)] -> xpath: //div/p[@class='content']]
2022-05-15 02:05:260 INFO  ManageDriver :32 - Launching Chrome Browser
2022-05-15 02:05:959 INFO  HomePage :107 - Clicking on login Link : [[ChromeDriver: chrome on WINDOWS (e412be50f69d08335443d4ebd33d250a)] -> xpath: //a[contains(text(),'Log in')]]
2022-05-15 02:05:980 INFO  HomePage :70 - Getting page header : [[ChromeDriver: chrome on WINDOWS (e412be50f69d08335443d4ebd33d250a)] -> xpath: //h1[contains(text(),'Welcome, Please Sign In!')]]
2022-05-15 02:05:651 INFO  ManageDriver :32 - Launching Chrome Browser
2022-05-15 02:05:658 INFO  HomePage :107 - Clicking on login Link : [[ChromeDriver: chrome on WINDOWS (11c459a94ec5c06e45c3d414294ac2d4)] -> xpath: //a[contains(text(),'Log in')]]
2022-05-15 02:05:755 INFO  HomePage :51 - Sending text to email : [[ChromeDriver: chrome on WINDOWS (11c459a94ec5c06e45c3d414294ac2d4)] -> xpath: //input[@id='Email']]
2022-05-15 02:05:836 INFO  HomePage :56 - Sending text to password : [[ChromeDriver: chrome on WINDOWS (11c459a94ec5c06e45c3d414294ac2d4)] -> xpath: //input[@id='Password']]
2022-05-15 02:05:265 INFO  HomePage :61 - clicking on login button : [[ChromeDriver: chrome on WINDOWS (11c459a94ec5c06e45c3d414294ac2d4)] -> xpath: //button[contains(text(),'Log in')]]
2022-05-15 02:05:284 INFO  HomePage :75 - Getting Error Message : [[ChromeDriver: chrome on WINDOWS (11c459a94ec5c06e45c3d414294ac2d4)] -> xpath: //div[@class='message-error validation-summary-errors']]
2022-05-15 02:05:995 INFO  ManageDriver :32 - Launching Chrome Browser
2022-05-15 02:05:642 INFO  HomePage :107 - Clicking on login Link : [[ChromeDriver: chrome on WINDOWS (c004bb6df72f9d4d3e50037d48738ecb)] -> xpath: //a[contains(text(),'Log in')]]
2022-05-15 02:05:740 INFO  HomePage :51 - Sending text to email : [[ChromeDriver: chrome on WINDOWS (c004bb6df72f9d4d3e50037d48738ecb)] -> xpath: //input[@id='Email']]
2022-05-15 02:05:821 INFO  HomePage :56 - Sending text to password : [[ChromeDriver: chrome on WINDOWS (c004bb6df72f9d4d3e50037d48738ecb)] -> xpath: //input[@id='Password']]
2022-05-15 02:05:218 INFO  HomePage :61 - clicking on login button : [[ChromeDriver: chrome on WINDOWS (c004bb6df72f9d4d3e50037d48738ecb)] -> xpath: //button[contains(text(),'Log in')]]
2022-05-15 02:05:270 INFO  HomePage :80 - Getting LogOut Button Text : Proxy element for: DefaultElementLocator 'By.xpath: //a[contains(text(),'Log out')]'
2022-05-15 02:05:302 INFO  ManageDriver :32 - Launching Chrome Browser
2022-05-15 02:05:246 INFO  HomePage :107 - Clicking on login Link : [[ChromeDriver: chrome on WINDOWS (669a2355104a98e943261c721f50bbc1)] -> xpath: //a[contains(text(),'Log in')]]
2022-05-15 02:05:355 INFO  HomePage :51 - Sending text to email : [[ChromeDriver: chrome on WINDOWS (669a2355104a98e943261c721f50bbc1)] -> xpath: //input[@id='Email']]
2022-05-15 02:05:445 INFO  HomePage :56 - Sending text to password : [[ChromeDriver: chrome on WINDOWS (669a2355104a98e943261c721f50bbc1)] -> xpath: //input[@id='Password']]
2022-05-15 02:05:23 INFO  HomePage :61 - clicking on login button : [[ChromeDriver: chrome on WINDOWS (669a2355104a98e943261c721f50bbc1)] -> xpath: //button[contains(text(),'Log in')]]
2022-05-15 02:05:978 INFO  ManageDriver :32 - Launching Chrome Browser
2022-05-15 02:05:687 INFO  HomePage :112 - Clicking on Register Link : [[ChromeDriver: chrome on WINDOWS (4d2c1414da718f88f96f36d1ae74cf0b)] -> xpath: //a[contains(text(),'Register')]]
2022-05-15 02:05:706 INFO  HomePage :98 - Getting Page Header : [[ChromeDriver: chrome on WINDOWS (4d2c1414da718f88f96f36d1ae74cf0b)] -> xpath: //h1[contains(text(),'Register')]]
2022-05-15 02:05:425 INFO  ManageDriver :32 - Launching Chrome Browser
2022-05-15 02:05:827 INFO  HomePage :112 - Clicking on Register Link : [[ChromeDriver: chrome on WINDOWS (a419df4c81a4ec4639a6d7970029b7e0)] -> xpath: //a[contains(text(),'Register')]]
2022-05-15 02:05:899 INFO  HomePage :147 - Clicking on Register : [[ChromeDriver: chrome on WINDOWS (a419df4c81a4ec4639a6d7970029b7e0)] -> xpath: //button[@id='register-button']]
2022-05-15 02:05:917 INFO  HomePage :161 - Getting FirstName Error : [[ChromeDriver: chrome on WINDOWS (a419df4c81a4ec4639a6d7970029b7e0)] -> xpath: //span[@id='FirstName-error']]
2022-05-15 02:05:949 INFO  HomePage :166 - Getting LastName Error : [[ChromeDriver: chrome on WINDOWS (a419df4c81a4ec4639a6d7970029b7e0)] -> xpath: //span[@id='LastName-error']]
2022-05-15 02:05:986 INFO  HomePage :171 - Getting Email Error : [[ChromeDriver: chrome on WINDOWS (a419df4c81a4ec4639a6d7970029b7e0)] -> xpath: //span[@id='Email-error']]
2022-05-15 02:05:14 INFO  HomePage :176 - Getting Password Error : [[ChromeDriver: chrome on WINDOWS (a419df4c81a4ec4639a6d7970029b7e0)] -> xpath: //span[@id='Password-error']]
2022-05-15 02:05:44 INFO  HomePage :181 - Getting Repeat Password Error : [[ChromeDriver: chrome on WINDOWS (a419df4c81a4ec4639a6d7970029b7e0)] -> xpath: //span[@id='ConfirmPassword-error']]
2022-05-15 02:05:758 INFO  ManageDriver :32 - Launching Chrome Browser
2022-05-15 02:05:389 INFO  HomePage :112 - Clicking on Register Link : [[ChromeDriver: chrome on WINDOWS (d47ac800b2cc2c5a148df710dc31987e)] -> xpath: //a[contains(text(),'Register')]]
2022-05-15 02:05:456 INFO  HomePage :109 - Clicking on Female Gender Radio  : [[ChromeDriver: chrome on WINDOWS (d47ac800b2cc2c5a148df710dc31987e)] -> xpath: //input[@id='gender-female']]
2022-05-15 02:05:545 INFO  HomePage :114 - Sending FirstName  : Baba to [[ChromeDriver: chrome on WINDOWS (d47ac800b2cc2c5a148df710dc31987e)] -> xpath: //input[@id='FirstName']]
2022-05-15 02:05:632 INFO  HomePage :119 - Sending text to FirstName : Ramdev to [[ChromeDriver: chrome on WINDOWS (d47ac800b2cc2c5a148df710dc31987e)] -> xpath: //input[@id='LastName']]
2022-05-15 02:05:794 INFO  HomePage :132 - Sending email babaramdev to [[ChromeDriver: chrome on WINDOWS (d47ac800b2cc2c5a148df710dc31987e)] -> xpath: //input[@id='Email']]
2022-05-15 02:05:03 INFO  HomePage :126 - Selecting BirthDate : 20/June/1975 to [[ChromeDriver: chrome on WINDOWS (d47ac800b2cc2c5a148df710dc31987e)] -> xpath: //div[@class='date-picker-wrapper']/select[1]] [[ChromeDriver: chrome on WINDOWS (d47ac800b2cc2c5a148df710dc31987e)] -> xpath: //div[@class='date-picker-wrapper']/select[2]] [[ChromeDriver: chrome on WINDOWS (d47ac800b2cc2c5a148df710dc31987e)] -> xpath: //div[@class='date-picker-wrapper']/select[3]]
2022-05-15 02:05:84 INFO  HomePage :137 - Sending Password Password123 to [[ChromeDriver: chrome on WINDOWS (d47ac800b2cc2c5a148df710dc31987e)] -> xpath: //input[@id='Password']]
2022-05-15 02:05:172 INFO  HomePage :142 - Sending Confirm Password Password123 to [[ChromeDriver: chrome on WINDOWS (d47ac800b2cc2c5a148df710dc31987e)] -> xpath: //input[@id='ConfirmPassword']]
2022-05-15 02:05:899 INFO  HomePage :147 - Clicking on Register : [[ChromeDriver: chrome on WINDOWS (d47ac800b2cc2c5a148df710dc31987e)] -> xpath: //button[@id='register-button']]
2022-05-15 02:05:919 INFO  HomePage :151 - Getting Registration confirm : [[ChromeDriver: chrome on WINDOWS (d47ac800b2cc2c5a148df710dc31987e)] -> xpath: //div[contains(text(),'Your registration completed')]]
2022-05-15 02:05:964 INFO  HomePage :72 - Clicking on Computer Link : [[ChromeDriver: chrome on WINDOWS (3d1a63c66d7c2d1c9bbb7c6f68183f05)] -> xpath: //ul[@class='top-menu notmobile']//a[contains(text(),'Computers')]]
2022-05-15 02:05:994 INFO  HomePage :38 - Getting Page Header [[ChromeDriver: chrome on WINDOWS (3d1a63c66d7c2d1c9bbb7c6f68183f05)] -> xpath: //h1[contains(text(),'Computers')]]
2022-05-15 02:05:427 INFO  HomePage :72 - Clicking on Computer Link : [[ChromeDriver: chrome on WINDOWS (b98c88bbb9cbaec122b430ba5b9f6c68)] -> xpath: //ul[@class='top-menu notmobile']//a[contains(text(),'Computers')]]
2022-05-15 02:05:30 INFO  HomePage :44 - Clicking on Desktop Link [[ChromeDriver: chrome on WINDOWS (b98c88bbb9cbaec122b430ba5b9f6c68)] -> xpath: //div[@class='sub-category-item']//a[contains(text(),'Desktops')]]
2022-05-15 02:05:51 INFO  HomePage :42 - Getting Page Header : [[ChromeDriver: chrome on WINDOWS (b98c88bbb9cbaec122b430ba5b9f6c68)] -> xpath: //h1[contains(text(),'Desktops')]]
2022-05-15 02:05:543 INFO  HomePage :72 - Clicking on Computer Link : [[ChromeDriver: chrome on WINDOWS (fec160eeb0262976f8190b24b752e4c8)] -> xpath: //ul[@class='top-menu notmobile']//a[contains(text(),'Computers')]]
2022-05-15 02:05:194 INFO  HomePage :44 - Clicking on Desktop Link [[ChromeDriver: chrome on WINDOWS (fec160eeb0262976f8190b24b752e4c8)] -> xpath: //div[@class='sub-category-item']//a[contains(text(),'Desktops')]]
2022-05-15 02:05:257 INFO  HomePage :63 - Clicking on Build Your Computer : [[ChromeDriver: chrome on WINDOWS (fec160eeb0262976f8190b24b752e4c8)] -> xpath: //body/div[6]/div[3]/div[1]/div[3]/div[1]/div[2]/div[2]/div[2]/div[1]/div[1]/div[1]/div[1]/div[2]/h2[1]/a[1]]
2022-05-15 02:05:343 INFO  HomePage :75 - Setting Processor [[ChromeDriver: chrome on WINDOWS (fec160eeb0262976f8190b24b752e4c8)] -> xpath: //select[@id='product_attribute_1']]
2022-05-15 02:05:422 INFO  HomePage :80 - Setting RAM [[ChromeDriver: chrome on WINDOWS (fec160eeb0262976f8190b24b752e4c8)] -> xpath: //select[@id='product_attribute_2']]
2022-05-15 02:05:480 INFO  HomePage :86 - Setting HDD : 320 GBto [[ChromeDriver: chrome on WINDOWS (fec160eeb0262976f8190b24b752e4c8)] -> xpath: //input[@id='product_attribute_3_6']]
2022-05-15 02:05:537 INFO  HomePage :123 - Clicking on Add to cart : [[ChromeDriver: chrome on WINDOWS (fec160eeb0262976f8190b24b752e4c8)] -> xpath: //button[@id='add-to-cart-button-1']]
2022-05-15 02:05:795 INFO  HomePage :127 - Getting Confirm Message After adding to cart : [[ChromeDriver: chrome on WINDOWS (fec160eeb0262976f8190b24b752e4c8)] -> xpath: //div/p[@class='content']]
2022-05-15 02:05:514 INFO  HomePage :72 - Clicking on Computer Link : [[ChromeDriver: chrome on WINDOWS (167604afe8efe1926cd8cea043e3e1c6)] -> xpath: //ul[@class='top-menu notmobile']//a[contains(text(),'Computers')]]
2022-05-15 02:05:43 INFO  HomePage :44 - Clicking on Desktop Link [[ChromeDriver: chrome on WINDOWS (167604afe8efe1926cd8cea043e3e1c6)] -> xpath: //div[@class='sub-category-item']//a[contains(text(),'Desktops')]]
2022-05-15 02:05:812 INFO  HomePage :63 - Clicking on Build Your Computer : [[ChromeDriver: chrome on WINDOWS (167604afe8efe1926cd8cea043e3e1c6)] -> xpath: //body/div[6]/div[3]/div[1]/div[3]/div[1]/div[2]/div[2]/div[2]/div[1]/div[1]/div[1]/div[1]/div[2]/h2[1]/a[1]]
2022-05-15 02:05:859 INFO  HomePage :75 - Setting Processor [[ChromeDriver: chrome on WINDOWS (167604afe8efe1926cd8cea043e3e1c6)] -> xpath: //select[@id='product_attribute_1']]
2022-05-15 02:05:928 INFO  HomePage :80 - Setting RAM [[ChromeDriver: chrome on WINDOWS (167604afe8efe1926cd8cea043e3e1c6)] -> xpath: //select[@id='product_attribute_2']]
2022-05-15 02:05:984 INFO  HomePage :89 - Setting HDD : 400 GB [+$100.00]to [[ChromeDriver: chrome on WINDOWS (167604afe8efe1926cd8cea043e3e1c6)] -> xpath: //input[@id='product_attribute_3_7']]
2022-05-15 02:05:39 INFO  HomePage :123 - Clicking on Add to cart : [[ChromeDriver: chrome on WINDOWS (167604afe8efe1926cd8cea043e3e1c6)] -> xpath: //button[@id='add-to-cart-button-1']]
2022-05-15 02:05:917 INFO  HomePage :127 - Getting Confirm Message After adding to cart : [[ChromeDriver: chrome on WINDOWS (167604afe8efe1926cd8cea043e3e1c6)] -> xpath: //div/p[@class='content']]
2022-05-15 02:05:911 INFO  HomePage :72 - Clicking on Computer Link : [[ChromeDriver: chrome on WINDOWS (46c5ff5cdf499cac65ce186b5f1d0c24)] -> xpath: //ul[@class='top-menu notmobile']//a[contains(text(),'Computers')]]
2022-05-15 02:05:479 INFO  HomePage :44 - Clicking on Desktop Link [[ChromeDriver: chrome on WINDOWS (46c5ff5cdf499cac65ce186b5f1d0c24)] -> xpath: //div[@class='sub-category-item']//a[contains(text(),'Desktops')]]
2022-05-15 02:05:358 INFO  HomePage :63 - Clicking on Build Your Computer : [[ChromeDriver: chrome on WINDOWS (46c5ff5cdf499cac65ce186b5f1d0c24)] -> xpath: //body/div[6]/div[3]/div[1]/div[3]/div[1]/div[2]/div[2]/div[2]/div[1]/div[1]/div[1]/div[1]/div[2]/h2[1]/a[1]]
2022-05-15 02:05:411 INFO  HomePage :75 - Setting Processor [[ChromeDriver: chrome on WINDOWS (46c5ff5cdf499cac65ce186b5f1d0c24)] -> xpath: //select[@id='product_attribute_1']]
2022-05-15 02:05:487 INFO  HomePage :80 - Setting RAM [[ChromeDriver: chrome on WINDOWS (46c5ff5cdf499cac65ce186b5f1d0c24)] -> xpath: //select[@id='product_attribute_2']]
2022-05-15 02:05:547 INFO  HomePage :86 - Setting HDD : 320 GBto [[ChromeDriver: chrome on WINDOWS (46c5ff5cdf499cac65ce186b5f1d0c24)] -> xpath: //input[@id='product_attribute_3_6']]
2022-05-15 02:05:606 INFO  HomePage :123 - Clicking on Add to cart : [[ChromeDriver: chrome on WINDOWS (46c5ff5cdf499cac65ce186b5f1d0c24)] -> xpath: //button[@id='add-to-cart-button-1']]
2022-05-15 02:05:989 INFO  HomePage :127 - Getting Confirm Message After adding to cart : [[ChromeDriver: chrome on WINDOWS (46c5ff5cdf499cac65ce186b5f1d0c24)] -> xpath: //div/p[@class='content']]
2022-05-15 02:05:20 INFO  HomePage :107 - Clicking on login Link : [[ChromeDriver: chrome on WINDOWS (fdbf66397faad4933cde48b3f4397590)] -> xpath: //a[contains(text(),'Log in')]]
2022-05-15 02:05:39 INFO  HomePage :70 - Getting page header : [[ChromeDriver: chrome on WINDOWS (fdbf66397faad4933cde48b3f4397590)] -> xpath: //h1[contains(text(),'Welcome, Please Sign In!')]]
2022-05-15 02:05:244 INFO  HomePage :107 - Clicking on login Link : [[ChromeDriver: chrome on WINDOWS (e946f8bb52fdd74433d1bf02acda4738)] -> xpath: //a[contains(text(),'Log in')]]
2022-05-15 02:05:322 INFO  HomePage :51 - Sending text to email : [[ChromeDriver: chrome on WINDOWS (e946f8bb52fdd74433d1bf02acda4738)] -> xpath: //input[@id='Email']]
2022-05-15 02:05:401 INFO  HomePage :56 - Sending text to password : [[ChromeDriver: chrome on WINDOWS (e946f8bb52fdd74433d1bf02acda4738)] -> xpath: //input[@id='Password']]
2022-05-15 02:05:799 INFO  HomePage :61 - clicking on login button : [[ChromeDriver: chrome on WINDOWS (e946f8bb52fdd74433d1bf02acda4738)] -> xpath: //button[contains(text(),'Log in')]]
2022-05-15 02:05:815 INFO  HomePage :75 - Getting Error Message : [[ChromeDriver: chrome on WINDOWS (e946f8bb52fdd74433d1bf02acda4738)] -> xpath: //div[@class='message-error validation-summary-errors']]
2022-05-15 02:05:853 INFO  HomePage :107 - Clicking on login Link : [[ChromeDriver: chrome on WINDOWS (f8092173780ac3c4b4d2f3e05bd8172b)] -> xpath: //a[contains(text(),'Log in')]]
2022-05-15 02:05:927 INFO  HomePage :51 - Sending text to email : [[ChromeDriver: chrome on WINDOWS (f8092173780ac3c4b4d2f3e05bd8172b)] -> xpath: //input[@id='Email']]
2022-05-15 02:05:06 INFO  HomePage :56 - Sending text to password : [[ChromeDriver: chrome on WINDOWS (f8092173780ac3c4b4d2f3e05bd8172b)] -> xpath: //input[@id='Password']]
2022-05-15 02:05:397 INFO  HomePage :61 - clicking on login button : [[ChromeDriver: chrome on WINDOWS (f8092173780ac3c4b4d2f3e05bd8172b)] -> xpath: //button[contains(text(),'Log in')]]
2022-05-15 02:05:428 INFO  HomePage :80 - Getting LogOut Button Text : Proxy element for: DefaultElementLocator 'By.xpath: //a[contains(text(),'Log out')]'
2022-05-15 02:05:979 INFO  HomePage :107 - Clicking on login Link : [[ChromeDriver: chrome on WINDOWS (790377359225d45e234471bd38288413)] -> xpath: //a[contains(text(),'Log in')]]
2022-05-15 02:05:56 INFO  HomePage :51 - Sending text to email : [[ChromeDriver: chrome on WINDOWS (790377359225d45e234471bd38288413)] -> xpath: //input[@id='Email']]
2022-05-15 02:05:151 INFO  HomePage :56 - Sending text to password : [[ChromeDriver: chrome on WINDOWS (790377359225d45e234471bd38288413)] -> xpath: //input[@id='Password']]
2022-05-15 02:05:562 INFO  HomePage :61 - clicking on login button : [[ChromeDriver: chrome on WINDOWS (790377359225d45e234471bd38288413)] -> xpath: //button[contains(text(),'Log in')]]
2022-05-15 02:05:820 INFO  HomePage :112 - Clicking on Register Link : [[ChromeDriver: chrome on WINDOWS (b30e7c1093d5e7da8499d258e0885738)] -> xpath: //a[contains(text(),'Register')]]
2022-05-15 02:05:845 INFO  HomePage :98 - Getting Page Header : [[ChromeDriver: chrome on WINDOWS (b30e7c1093d5e7da8499d258e0885738)] -> xpath: //h1[contains(text(),'Register')]]
2022-05-15 02:05:246 INFO  HomePage :112 - Clicking on Register Link : [[ChromeDriver: chrome on WINDOWS (6ef7abe03e0958c8fd3aeaa7cb2560a9)] -> xpath: //a[contains(text(),'Register')]]
2022-05-15 02:05:321 INFO  HomePage :147 - Clicking on Register : [[ChromeDriver: chrome on WINDOWS (6ef7abe03e0958c8fd3aeaa7cb2560a9)] -> xpath: //button[@id='register-button']]
2022-05-15 02:05:338 INFO  HomePage :161 - Getting FirstName Error : [[ChromeDriver: chrome on WINDOWS (6ef7abe03e0958c8fd3aeaa7cb2560a9)] -> xpath: //span[@id='FirstName-error']]
2022-05-15 02:05:366 INFO  HomePage :166 - Getting LastName Error : [[ChromeDriver: chrome on WINDOWS (6ef7abe03e0958c8fd3aeaa7cb2560a9)] -> xpath: //span[@id='LastName-error']]
2022-05-15 02:05:393 INFO  HomePage :171 - Getting Email Error : [[ChromeDriver: chrome on WINDOWS (6ef7abe03e0958c8fd3aeaa7cb2560a9)] -> xpath: //span[@id='Email-error']]
2022-05-15 02:05:422 INFO  HomePage :176 - Getting Password Error : [[ChromeDriver: chrome on WINDOWS (6ef7abe03e0958c8fd3aeaa7cb2560a9)] -> xpath: //span[@id='Password-error']]
2022-05-15 02:05:450 INFO  HomePage :181 - Getting Repeat Password Error : [[ChromeDriver: chrome on WINDOWS (6ef7abe03e0958c8fd3aeaa7cb2560a9)] -> xpath: //span[@id='ConfirmPassword-error']]
2022-05-15 02:05:491 INFO  HomePage :112 - Clicking on Register Link : [[ChromeDriver: chrome on WINDOWS (7c5113725e7ed142032b39484aed3e85)] -> xpath: //a[contains(text(),'Register')]]
2022-05-15 02:05:547 INFO  HomePage :109 - Clicking on Female Gender Radio  : [[ChromeDriver: chrome on WINDOWS (7c5113725e7ed142032b39484aed3e85)] -> xpath: //input[@id='gender-female']]
2022-05-15 02:05:622 INFO  HomePage :114 - Sending FirstName  : Baba to [[ChromeDriver: chrome on WINDOWS (7c5113725e7ed142032b39484aed3e85)] -> xpath: //input[@id='FirstName']]
2022-05-15 02:05:697 INFO  HomePage :119 - Sending text to FirstName : Ramdev to [[ChromeDriver: chrome on WINDOWS (7c5113725e7ed142032b39484aed3e85)] -> xpath: //input[@id='LastName']]
2022-05-15 02:05:792 INFO  HomePage :132 - Sending email babaramdev to [[ChromeDriver: chrome on WINDOWS (7c5113725e7ed142032b39484aed3e85)] -> xpath: //input[@id='Email']]
2022-05-15 02:05:10 INFO  HomePage :126 - Selecting BirthDate : 20/June/1975 to [[ChromeDriver: chrome on WINDOWS (7c5113725e7ed142032b39484aed3e85)] -> xpath: //div[@class='date-picker-wrapper']/select[1]] [[ChromeDriver: chrome on WINDOWS (7c5113725e7ed142032b39484aed3e85)] -> xpath: //div[@class='date-picker-wrapper']/select[2]] [[ChromeDriver: chrome on WINDOWS (7c5113725e7ed142032b39484aed3e85)] -> xpath: //div[@class='date-picker-wrapper']/select[3]]
2022-05-15 02:05:88 INFO  HomePage :137 - Sending Password Password123 to [[ChromeDriver: chrome on WINDOWS (7c5113725e7ed142032b39484aed3e85)] -> xpath: //input[@id='Password']]
2022-05-15 02:05:168 INFO  HomePage :142 - Sending Confirm Password Password123 to [[ChromeDriver: chrome on WINDOWS (7c5113725e7ed142032b39484aed3e85)] -> xpath: //input[@id='ConfirmPassword']]
2022-05-15 02:05:886 INFO  HomePage :147 - Clicking on Register : [[ChromeDriver: chrome on WINDOWS (7c5113725e7ed142032b39484aed3e85)] -> xpath: //button[@id='register-button']]
2022-05-15 02:05:901 INFO  HomePage :151 - Getting Registration confirm : [[ChromeDriver: chrome on WINDOWS (7c5113725e7ed142032b39484aed3e85)] -> xpath: //div[contains(text(),'Your registration completed')]]
2022-05-15 02:05:880 INFO  HomePage :72 - Clicking on Computer Link : [[ChromeDriver: chrome on WINDOWS (467d877a4877dfd0d73c54fda2052f75)] -> xpath: //ul[@class='top-menu notmobile']//a[contains(text(),'Computers')]]
2022-05-15 02:05:902 INFO  HomePage :38 - Getting Page Header [[ChromeDriver: chrome on WINDOWS (467d877a4877dfd0d73c54fda2052f75)] -> xpath: //h1[contains(text(),'Computers')]]
2022-05-15 02:05:846 INFO  HomePage :72 - Clicking on Computer Link : [[ChromeDriver: chrome on WINDOWS (1ff2350d73166950be29fb7c98f3ee4f)] -> xpath: //ul[@class='top-menu notmobile']//a[contains(text(),'Computers')]]
2022-05-15 02:05:420 INFO  HomePage :44 - Clicking on Desktop Link [[ChromeDriver: chrome on WINDOWS (1ff2350d73166950be29fb7c98f3ee4f)] -> xpath: //div[@class='sub-category-item']//a[contains(text(),'Desktops')]]
2022-05-15 02:05:435 INFO  HomePage :42 - Getting Page Header : [[ChromeDriver: chrome on WINDOWS (1ff2350d73166950be29fb7c98f3ee4f)] -> xpath: //h1[contains(text(),'Desktops')]]
2022-05-15 02:05:65 INFO  HomePage :72 - Clicking on Computer Link : [[ChromeDriver: chrome on WINDOWS (af4f311afe1476adbe383f9c60ffeebb)] -> xpath: //ul[@class='top-menu notmobile']//a[contains(text(),'Computers')]]
2022-05-15 02:05:474 INFO  HomePage :44 - Clicking on Desktop Link [[ChromeDriver: chrome on WINDOWS (af4f311afe1476adbe383f9c60ffeebb)] -> xpath: //div[@class='sub-category-item']//a[contains(text(),'Desktops')]]
2022-05-15 02:05:124 INFO  HomePage :63 - Clicking on Build Your Computer : [[ChromeDriver: chrome on WINDOWS (af4f311afe1476adbe383f9c60ffeebb)] -> xpath: //body/div[6]/div[3]/div[1]/div[3]/div[1]/div[2]/div[2]/div[2]/div[1]/div[1]/div[1]/div[1]/div[2]/h2[1]/a[1]]
2022-05-15 02:05:204 INFO  HomePage :75 - Setting Processor [[ChromeDriver: chrome on WINDOWS (af4f311afe1476adbe383f9c60ffeebb)] -> xpath: //select[@id='product_attribute_1']]
2022-05-15 02:05:271 INFO  HomePage :80 - Setting RAM [[ChromeDriver: chrome on WINDOWS (af4f311afe1476adbe383f9c60ffeebb)] -> xpath: //select[@id='product_attribute_2']]
2022-05-15 02:05:326 INFO  HomePage :86 - Setting HDD : 320 GBto [[ChromeDriver: chrome on WINDOWS (af4f311afe1476adbe383f9c60ffeebb)] -> xpath: //input[@id='product_attribute_3_6']]
2022-05-15 02:05:382 INFO  HomePage :123 - Clicking on Add to cart : [[ChromeDriver: chrome on WINDOWS (af4f311afe1476adbe383f9c60ffeebb)] -> xpath: //button[@id='add-to-cart-button-1']]
2022-05-15 02:05:259 INFO  HomePage :127 - Getting Confirm Message After adding to cart : [[ChromeDriver: chrome on WINDOWS (af4f311afe1476adbe383f9c60ffeebb)] -> xpath: //div/p[@class='content']]
2022-05-15 02:05:380 INFO  HomePage :72 - Clicking on Computer Link : [[ChromeDriver: chrome on WINDOWS (944bb931ac53d70de3e4a7da134ff706)] -> xpath: //ul[@class='top-menu notmobile']//a[contains(text(),'Computers')]]
2022-05-15 02:05:131 INFO  HomePage :44 - Clicking on Desktop Link [[ChromeDriver: chrome on WINDOWS (944bb931ac53d70de3e4a7da134ff706)] -> xpath: //div[@class='sub-category-item']//a[contains(text(),'Desktops')]]
2022-05-15 02:05:930 INFO  HomePage :63 - Clicking on Build Your Computer : [[ChromeDriver: chrome on WINDOWS (944bb931ac53d70de3e4a7da134ff706)] -> xpath: //body/div[6]/div[3]/div[1]/div[3]/div[1]/div[2]/div[2]/div[2]/div[1]/div[1]/div[1]/div[1]/div[2]/h2[1]/a[1]]
2022-05-15 02:05:989 INFO  HomePage :75 - Setting Processor [[ChromeDriver: chrome on WINDOWS (944bb931ac53d70de3e4a7da134ff706)] -> xpath: //select[@id='product_attribute_1']]
2022-05-15 02:05:74 INFO  HomePage :80 - Setting RAM [[ChromeDriver: chrome on WINDOWS (944bb931ac53d70de3e4a7da134ff706)] -> xpath: //select[@id='product_attribute_2']]
2022-05-15 02:05:124 INFO  HomePage :89 - Setting HDD : 400 GB [+$100.00]to [[ChromeDriver: chrome on WINDOWS (944bb931ac53d70de3e4a7da134ff706)] -> xpath: //input[@id='product_attribute_3_7']]
2022-05-15 02:05:174 INFO  HomePage :123 - Clicking on Add to cart : [[ChromeDriver: chrome on WINDOWS (944bb931ac53d70de3e4a7da134ff706)] -> xpath: //button[@id='add-to-cart-button-1']]
2022-05-15 02:05:48 INFO  HomePage :127 - Getting Confirm Message After adding to cart : [[ChromeDriver: chrome on WINDOWS (944bb931ac53d70de3e4a7da134ff706)] -> xpath: //div/p[@class='content']]
2022-05-15 02:05:775 INFO  HomePage :72 - Clicking on Computer Link : [[ChromeDriver: chrome on WINDOWS (0a87b76bf76f9c9065021baf98a37c33)] -> xpath: //ul[@class='top-menu notmobile']//a[contains(text(),'Computers')]]
2022-05-15 02:05:924 INFO  HomePage :44 - Clicking on Desktop Link [[ChromeDriver: chrome on WINDOWS (0a87b76bf76f9c9065021baf98a37c33)] -> xpath: //div[@class='sub-category-item']//a[contains(text(),'Desktops')]]
2022-05-15 02:05:208 INFO  HomePage :63 - Clicking on Build Your Computer : [[ChromeDriver: chrome on WINDOWS (0a87b76bf76f9c9065021baf98a37c33)] -> xpath: //body/div[6]/div[3]/div[1]/div[3]/div[1]/div[2]/div[2]/div[2]/div[1]/div[1]/div[1]/div[1]/div[2]/h2[1]/a[1]]
2022-05-15 02:05:247 INFO  HomePage :75 - Setting Processor [[ChromeDriver: chrome on WINDOWS (0a87b76bf76f9c9065021baf98a37c33)] -> xpath: //select[@id='product_attribute_1']]
2022-05-15 02:05:307 INFO  HomePage :80 - Setting RAM [[ChromeDriver: chrome on WINDOWS (0a87b76bf76f9c9065021baf98a37c33)] -> xpath: //select[@id='product_attribute_2']]
2022-05-15 02:05:359 INFO  HomePage :86 - Setting HDD : 320 GBto [[ChromeDriver: chrome on WINDOWS (0a87b76bf76f9c9065021baf98a37c33)] -> xpath: //input[@id='product_attribute_3_6']]
2022-05-15 02:05:402 INFO  HomePage :123 - Clicking on Add to cart : [[ChromeDriver: chrome on WINDOWS (0a87b76bf76f9c9065021baf98a37c33)] -> xpath: //button[@id='add-to-cart-button-1']]
2022-05-15 02:05:660 INFO  HomePage :127 - Getting Confirm Message After adding to cart : [[ChromeDriver: chrome on WINDOWS (0a87b76bf76f9c9065021baf98a37c33)] -> xpath: //div/p[@class='content']]
2022-05-15 02:05:396 INFO  HomePage :107 - Clicking on login Link : [[ChromeDriver: chrome on WINDOWS (00c47199f213a42c07e01f11c3c20fe8)] -> xpath: //a[contains(text(),'Log in')]]
2022-05-15 02:05:414 INFO  HomePage :70 - Getting page header : [[ChromeDriver: chrome on WINDOWS (00c47199f213a42c07e01f11c3c20fe8)] -> xpath: //h1[contains(text(),'Welcome, Please Sign In!')]]
2022-05-15 02:05:377 INFO  HomePage :107 - Clicking on login Link : [[ChromeDriver: chrome on WINDOWS (5754de3bcb5e987e9fafce51fc3aada5)] -> xpath: //a[contains(text(),'Log in')]]
2022-05-15 02:05:442 INFO  HomePage :51 - Sending text to email : [[ChromeDriver: chrome on WINDOWS (5754de3bcb5e987e9fafce51fc3aada5)] -> xpath: //input[@id='Email']]
2022-05-15 02:05:502 INFO  HomePage :56 - Sending text to password : [[ChromeDriver: chrome on WINDOWS (5754de3bcb5e987e9fafce51fc3aada5)] -> xpath: //input[@id='Password']]
2022-05-15 02:05:873 INFO  HomePage :61 - clicking on login button : [[ChromeDriver: chrome on WINDOWS (5754de3bcb5e987e9fafce51fc3aada5)] -> xpath: //button[contains(text(),'Log in')]]
2022-05-15 02:05:886 INFO  HomePage :75 - Getting Error Message : [[ChromeDriver: chrome on WINDOWS (5754de3bcb5e987e9fafce51fc3aada5)] -> xpath: //div[@class='message-error validation-summary-errors']]
2022-05-15 02:05:328 INFO  HomePage :107 - Clicking on login Link : [[ChromeDriver: chrome on WINDOWS (0dd5936b12a38c71d2f7b24d3e6d559a)] -> xpath: //a[contains(text(),'Log in')]]
2022-05-15 02:05:399 INFO  HomePage :51 - Sending text to email : [[ChromeDriver: chrome on WINDOWS (0dd5936b12a38c71d2f7b24d3e6d559a)] -> xpath: //input[@id='Email']]
2022-05-15 02:05:461 INFO  HomePage :56 - Sending text to password : [[ChromeDriver: chrome on WINDOWS (0dd5936b12a38c71d2f7b24d3e6d559a)] -> xpath: //input[@id='Password']]
2022-05-15 02:05:214 INFO  HomePage :61 - clicking on login button : [[ChromeDriver: chrome on WINDOWS (0dd5936b12a38c71d2f7b24d3e6d559a)] -> xpath: //button[contains(text(),'Log in')]]
2022-05-15 02:05:227 INFO  HomePage :80 - Getting LogOut Button Text : [[ChromeDriver: chrome on WINDOWS (0dd5936b12a38c71d2f7b24d3e6d559a)] -> xpath: //a[contains(text(),'Log out')]]
2022-05-15 02:05:367 INFO  HomePage :107 - Clicking on login Link : [[ChromeDriver: chrome on WINDOWS (ca672534863e7932814ef249fa822967)] -> xpath: //a[contains(text(),'Log in')]]
2022-05-15 02:05:436 INFO  HomePage :51 - Sending text to email : [[ChromeDriver: chrome on WINDOWS (ca672534863e7932814ef249fa822967)] -> xpath: //input[@id='Email']]
2022-05-15 02:05:498 INFO  HomePage :56 - Sending text to password : [[ChromeDriver: chrome on WINDOWS (ca672534863e7932814ef249fa822967)] -> xpath: //input[@id='Password']]
2022-05-15 02:05:239 INFO  HomePage :61 - clicking on login button : [[ChromeDriver: chrome on WINDOWS (ca672534863e7932814ef249fa822967)] -> xpath: //button[contains(text(),'Log in')]]
2022-05-15 02:05:827 INFO  HomePage :86 - Clicking on LogOut Button : [[ChromeDriver: chrome on WINDOWS (ca672534863e7932814ef249fa822967)] -> xpath: //a[contains(text(),'Log out')]]
2022-05-15 02:05:842 INFO  HomePage :65 - Getting on login button text : [[ChromeDriver: chrome on WINDOWS (ca672534863e7932814ef249fa822967)] -> xpath: //li/a[contains(text(),'Log in')]]
2022-05-15 02:05:211 INFO  HomePage :112 - Clicking on Register Link : [[ChromeDriver: chrome on WINDOWS (a23179cbf1dc309c100f70e6281ff9d0)] -> xpath: //a[contains(text(),'Register')]]
2022-05-15 02:05:226 INFO  HomePage :98 - Getting Page Header : [[ChromeDriver: chrome on WINDOWS (a23179cbf1dc309c100f70e6281ff9d0)] -> xpath: //h1[contains(text(),'Register')]]
2022-05-15 02:05:442 INFO  HomePage :112 - Clicking on Register Link : [[ChromeDriver: chrome on WINDOWS (2a03fa3326995d105dc90b9fd94178e0)] -> xpath: //a[contains(text(),'Register')]]
2022-05-15 02:05:503 INFO  HomePage :147 - Clicking on Register : [[ChromeDriver: chrome on WINDOWS (2a03fa3326995d105dc90b9fd94178e0)] -> xpath: //button[@id='register-button']]
2022-05-15 02:05:537 INFO  HomePage :161 - Getting FirstName Error : [[ChromeDriver: chrome on WINDOWS (2a03fa3326995d105dc90b9fd94178e0)] -> xpath: //span[@id='FirstName-error']]
2022-05-15 02:05:562 INFO  HomePage :166 - Getting LastName Error : [[ChromeDriver: chrome on WINDOWS (2a03fa3326995d105dc90b9fd94178e0)] -> xpath: //span[@id='LastName-error']]
2022-05-15 02:05:583 INFO  HomePage :171 - Getting Email Error : [[ChromeDriver: chrome on WINDOWS (2a03fa3326995d105dc90b9fd94178e0)] -> xpath: //span[@id='Email-error']]
2022-05-15 02:05:607 INFO  HomePage :176 - Getting Password Error : [[ChromeDriver: chrome on WINDOWS (2a03fa3326995d105dc90b9fd94178e0)] -> xpath: //span[@id='Password-error']]
2022-05-15 02:05:631 INFO  HomePage :181 - Getting Repeat Password Error : [[ChromeDriver: chrome on WINDOWS (2a03fa3326995d105dc90b9fd94178e0)] -> xpath: //span[@id='ConfirmPassword-error']]
2022-05-15 02:05:592 INFO  HomePage :112 - Clicking on Register Link : [[ChromeDriver: chrome on WINDOWS (a9d7308e5d062f5e1e07f30d52d477f7)] -> xpath: //a[contains(text(),'Register')]]
2022-05-15 02:05:638 INFO  HomePage :109 - Clicking on Female Gender Radio  : [[ChromeDriver: chrome on WINDOWS (a9d7308e5d062f5e1e07f30d52d477f7)] -> xpath: //input[@id='gender-female']]
2022-05-15 02:05:704 INFO  HomePage :114 - Sending FirstName  : Baba to [[ChromeDriver: chrome on WINDOWS (a9d7308e5d062f5e1e07f30d52d477f7)] -> xpath: //input[@id='FirstName']]
2022-05-15 02:05:765 INFO  HomePage :119 - Sending text to FirstName : Ramdev to [[ChromeDriver: chrome on WINDOWS (a9d7308e5d062f5e1e07f30d52d477f7)] -> xpath: //input[@id='LastName']]
2022-05-15 02:05:843 INFO  HomePage :132 - Sending email babaramdev to [[ChromeDriver: chrome on WINDOWS (a9d7308e5d062f5e1e07f30d52d477f7)] -> xpath: //input[@id='Email']]
2022-05-15 02:05:07 INFO  HomePage :126 - Selecting BirthDate : 20/June/1975 to [[ChromeDriver: chrome on WINDOWS (a9d7308e5d062f5e1e07f30d52d477f7)] -> xpath: //div[@class='date-picker-wrapper']/select[1]] [[ChromeDriver: chrome on WINDOWS (a9d7308e5d062f5e1e07f30d52d477f7)] -> xpath: //div[@class='date-picker-wrapper']/select[2]] [[ChromeDriver: chrome on WINDOWS (a9d7308e5d062f5e1e07f30d52d477f7)] -> xpath: //div[@class='date-picker-wrapper']/select[3]]
2022-05-15 02:05:66 INFO  HomePage :137 - Sending Password Password123 to [[ChromeDriver: chrome on WINDOWS (a9d7308e5d062f5e1e07f30d52d477f7)] -> xpath: //input[@id='Password']]
2022-05-15 02:05:128 INFO  HomePage :142 - Sending Confirm Password Password123 to [[ChromeDriver: chrome on WINDOWS (a9d7308e5d062f5e1e07f30d52d477f7)] -> xpath: //input[@id='ConfirmPassword']]
2022-05-15 02:05:214 INFO  HomePage :147 - Clicking on Register : [[ChromeDriver: chrome on WINDOWS (a9d7308e5d062f5e1e07f30d52d477f7)] -> xpath: //button[@id='register-button']]
2022-05-15 02:05:227 INFO  HomePage :151 - Getting Registration confirm : [[ChromeDriver: chrome on WINDOWS (a9d7308e5d062f5e1e07f30d52d477f7)] -> xpath: //div[contains(text(),'Your registration completed')]]
